#
# There is insufficient memory for the Java Runtime Environment to continue.
# Native memory allocation (mmap) failed to map 65536 bytes for Failed to commit metaspace.
# Possible reasons:
#   The system is out of physical RAM or swap space
#   The process is running with CompressedOops enabled, and the Java Heap may be blocking the growth of the native heap
# Possible solutions:
#   Reduce memory load on the system
#   Increase physical memory or swap space
#   Check if swap backing store is full
#   Decrease Java heap size (-Xmx/-Xms)
#   Decrease number of Java threads
#   Decrease Java thread stack sizes (-Xss)
#   Set larger code cache with -XX:ReservedCodeCacheSize=
#   JVM is running with Unscaled Compressed Oops mode in which the Java heap is
#     placed in the first 4GB address space. The Java Heap base address is the
#     maximum limit for the native heap growth. Please use -XX:HeapBaseMinAddress
#     to set the Java Heap base and to place the Java Heap above 4GB virtual address.
# This output file may be truncated or incomplete.
#
#  Out of Memory Error (virtualSpaceNode.cpp:110), pid=18920, tid=32080
#
# JRE version: OpenJDK Runtime Environment OpenLogic-OpenJDK (17.0.10+7) (build 17.0.10+7-adhoc..jdk17u)
# Java VM: OpenJDK 64-Bit Server VM OpenLogic-OpenJDK (17.0.10+7-adhoc..jdk17u, mixed mode, sharing, tiered, compressed oops, compressed class ptrs, g1 gc, windows-amd64)
# No core dump will be written. Minidumps are not enabled by default on client versions of Windows
#

---------------  S U M M A R Y ------------

Command Line: -javaagent:C:\Program Files\JetBrains\IntelliJ IDEA Community Edition 2023.3.3\lib\idea_rt.jar=60535:C:\Program Files\JetBrains\IntelliJ IDEA Community Edition 2023.3.3\bin -Dfile.encoding=UTF-8 german.springBoot.agencia.AgenciaApplication

Host: Intel(R) Core(TM) i5-8400 CPU @ 2.80GHz, 6 cores, 7G,  Windows 11 , 64 bit Build 22621 (10.0.22621.3374)
Time: Tue Apr 30 13:22:33 2024 Hora de verano romance elapsed time: 5.280031 seconds (0d 0h 0m 5s)

---------------  T H R E A D  ---------------

Current thread (0x000002adf68fbdc0):  JavaThread "main" [_thread_in_vm, id=32080, stack(0x000000b0f3600000,0x000000b0f3700000)]

Stack: [0x000000b0f3600000,0x000000b0f3700000]
Native frames: (J=compiled Java code, j=interpreted, Vv=VM code, C=native code)
V  [jvm.dll+0x67d6e9]
V  [jvm.dll+0x834dca]
V  [jvm.dll+0x83688e]
V  [jvm.dll+0x836ef3]
V  [jvm.dll+0x247bdf]
V  [jvm.dll+0x830a8b]
V  [jvm.dll+0x622136]
V  [jvm.dll+0x1c194e]
V  [jvm.dll+0x624a91]
V  [jvm.dll+0x622ad6]
V  [jvm.dll+0x23c12f]
V  [jvm.dll+0x62c985]
V  [jvm.dll+0x1eb92b]
V  [jvm.dll+0x1ebe65]
V  [jvm.dll+0x1ec920]
V  [jvm.dll+0x1e1d21]
V  [jvm.dll+0x542bbe]
V  [jvm.dll+0x7aee48]
V  [jvm.dll+0x7aef34]
V  [jvm.dll+0x410cf5]
V  [jvm.dll+0x416e79]
C  [java.dll+0x17ec]

Java frames: (J=compiled Java code, j=interpreted, Vv=VM code)
J 795  java.lang.ClassLoader.defineClass1(Ljava/lang/ClassLoader;Ljava/lang/String;[BIILjava/security/ProtectionDomain;Ljava/lang/String;)Ljava/lang/Class; java.base@17.0.10 (0 bytes) @ 0x000002ad87b1fe63 [0x000002ad87b1fda0+0x00000000000000c3]
J 1095 c1 java.lang.ClassLoader.defineClass(Ljava/lang/String;[BIILjava/security/ProtectionDomain;)Ljava/lang/Class; java.base@17.0.10 (43 bytes) @ 0x000002ad801ebbd4 [0x000002ad801eb880+0x0000000000000354]
J 986 c1 java.security.SecureClassLoader.defineClass(Ljava/lang/String;[BIILjava/security/CodeSource;)Ljava/lang/Class; java.base@17.0.10 (16 bytes) @ 0x000002ad801bab0c [0x000002ad801baa40+0x00000000000000cc]
J 887 c1 jdk.internal.loader.BuiltinClassLoader.defineClass(Ljava/lang/String;Ljdk/internal/loader/Resource;)Ljava/lang/Class; java.base@17.0.10 (121 bytes) @ 0x000002ad801842e4 [0x000002ad80183380+0x0000000000000f64]
J 749 c1 jdk.internal.loader.BuiltinClassLoader.findClassOnClassPathOrNull(Ljava/lang/String;)Ljava/lang/Class; java.base@17.0.10 (64 bytes) @ 0x000002ad80137ab4 [0x000002ad80136a00+0x00000000000010b4]
J 454 c1 jdk.internal.loader.BuiltinClassLoader.loadClassOrNull(Ljava/lang/String;Z)Ljava/lang/Class; java.base@17.0.10 (143 bytes) @ 0x000002ad800ab44c [0x000002ad800aa540+0x0000000000000f0c]
J 672 c1 jdk.internal.loader.ClassLoaders$AppClassLoader.loadClass(Ljava/lang/String;Z)Ljava/lang/Class; java.base@17.0.10 (40 bytes) @ 0x000002ad8010a104 [0x000002ad80109ae0+0x0000000000000624]
J 671 c1 java.lang.ClassLoader.loadClass(Ljava/lang/String;)Ljava/lang/Class; java.base@17.0.10 (7 bytes) @ 0x000002ad8010974c [0x000002ad80109640+0x000000000000010c]
v  ~StubRoutines::call_stub
j  org.springframework.context.expression.StandardBeanExpressionResolver.evaluate(Ljava/lang/String;Lorg/springframework/beans/factory/config/BeanExpressionContext;)Ljava/lang/Object;+150
j  org.springframework.beans.factory.support.AbstractBeanFactory.evaluateBeanDefinitionString(Ljava/lang/String;Lorg/springframework/beans/factory/config/BeanDefinition;)Ljava/lang/Object;+49
j  org.springframework.beans.factory.support.BeanDefinitionValueResolver.doEvaluate(Ljava/lang/String;)Ljava/lang/Object;+9
j  org.springframework.beans.factory.support.BeanDefinitionValueResolver.resolveReference(Ljava/lang/Object;Lorg/springframework/beans/factory/config/RuntimeBeanReference;)Ljava/lang/Object;+131
j  org.springframework.beans.factory.support.BeanDefinitionValueResolver.resolveValueIfNecessary(Ljava/lang/Object;Ljava/lang/Object;)Ljava/lang/Object;+15
j  org.springframework.beans.factory.support.AbstractAutowireCapableBeanFactory.applyPropertyValues(Ljava/lang/String;Lorg/springframework/beans/factory/config/BeanDefinition;Lorg/springframework/beans/BeanWrapper;Lorg/springframework/beans/PropertyValues;)V+274
j  org.springframework.beans.factory.support.AbstractAutowireCapableBeanFactory.populateBean(Ljava/lang/String;Lorg/springframework/beans/factory/support/RootBeanDefinition;Lorg/springframework/beans/BeanWrapper;)V+351
j  org.springframework.beans.factory.support.AbstractAutowireCapableBeanFactory.doCreateBean(Ljava/lang/String;Lorg/springframework/beans/factory/support/RootBeanDefinition;[Ljava/lang/Object;)Ljava/lang/Object;+220
j  org.springframework.beans.factory.support.AbstractAutowireCapableBeanFactory.createBean(Ljava/lang/String;Lorg/springframework/beans/factory/support/RootBeanDefinition;[Ljava/lang/Object;)Ljava/lang/Object;+153
j  org.springframework.beans.factory.support.AbstractBeanFactory.lambda$doGetBean$0(Ljava/lang/String;Lorg/springframework/beans/factory/support/RootBeanDefinition;[Ljava/lang/Object;)Ljava/lang/Object;+4
j  org.springframework.beans.factory.support.AbstractBeanFactory$$Lambda$270+0x000002ad971afbd8.getObject()Ljava/lang/Object;+16
j  org.springframework.beans.factory.support.DefaultSingletonBeanRegistry.getSingleton(Ljava/lang/String;Lorg/springframework/beans/factory/ObjectFactory;)Ljava/lang/Object;+114
j  org.springframework.beans.factory.support.AbstractBeanFactory.doGetBean(Ljava/lang/String;Ljava/lang/Class;[Ljava/lang/Object;Z)Ljava/lang/Object;+429
j  org.springframework.beans.factory.support.AbstractBeanFactory.getBean(Ljava/lang/String;Ljava/lang/Class;)Ljava/lang/Object;+5
j  org.springframework.context.support.PostProcessorRegistrationDelegate.invokeBeanFactoryPostProcessors(Lorg/springframework/beans/factory/config/ConfigurableListableBeanFactory;Ljava/util/List;)V+184
j  org.springframework.context.support.AbstractApplicationContext.invokeBeanFactoryPostProcessors(Lorg/springframework/beans/factory/config/ConfigurableListableBeanFactory;)V+5
j  org.springframework.context.support.AbstractApplicationContext.refresh()V+62
j  org.springframework.boot.web.servlet.context.ServletWebServerApplicationContext.refresh()V+1
j  org.springframework.boot.SpringApplication.refresh(Lorg/springframework/context/ConfigurableApplicationContext;)V+1
j  org.springframework.boot.SpringApplication.refreshContext(Lorg/springframework/context/ConfigurableApplicationContext;)V+16
j  org.springframework.boot.SpringApplication.run([Ljava/lang/String;)Lorg/springframework/context/ConfigurableApplicationContext;+110
j  org.springframework.boot.SpringApplication.run([Ljava/lang/Class;[Ljava/lang/String;)Lorg/springframework/context/ConfigurableApplicationContext;+9
j  org.springframework.boot.SpringApplication.run(Ljava/lang/Class;[Ljava/lang/String;)Lorg/springframework/context/ConfigurableApplicationContext;+9
j  german.springBoot.agencia.AgenciaApplication.main([Ljava/lang/String;)V+3
v  ~StubRoutines::call_stub

Compiled method (n/a)    5306  795     n 0       java.lang.ClassLoader::defineClass1 (native)
 total in heap  [0x000002ad87b1fc10,0x000002ad87b200f0] = 1248
 relocation     [0x000002ad87b1fd68,0x000002ad87b1fda0] = 56
 main code      [0x000002ad87b1fda0,0x000002ad87b200f0] = 848

[Constant Pool (empty)]

[MachCode]
[Entry Point]
  # {method} {0x000002ad96010f28} 'defineClass1' '(Ljava/lang/ClassLoader;Ljava/lang/String;[BIILjava/security/ProtectionDomain;Ljava/lang/String;)Ljava/lang/Class;' in 'java/lang/ClassLoader'
  # parm0:    rdx:rdx   = 'java/lang/ClassLoader'
  # parm1:    r8:r8     = 'java/lang/String'
  # parm2:    r9:r9     = '[B'
  # parm3:    rdi       = int
  # parm4:    rsi       = int
  # parm5:    rcx:rcx   = 'java/security/ProtectionDomain'
  # parm6:    [sp+0xa0]   = 'java/lang/String'  (sp of caller)
  0x000002ad87b1fda0: 448b 5208 | 49bb 0000 | 0096 ad02 | 0000 4d03 | d349 3bc2 | 0f84 0600 

  0x000002ad87b1fdb8: ;   {runtime_call ic_miss_stub}
  0x000002ad87b1fdb8: 0000 e9c1 | 12a6 ff90 
[Verified Entry Point]
  0x000002ad87b1fdc0: 8984 2400 | 90ff ff55 | 488b ec48 | 81ec 9000 | 0000 4881 | 7d10 0000 | 0000 488d | 4510 480f 
  0x000002ad87b1fde0: 4445 1048 | 8944 2440 | 4889 4c24 | 7048 83f9 | 0048 8d44 | 2470 480f | 4444 2470 | 4889 4424 
  0x000002ad87b1fe00: 3848 8974 | 2430 4889 | 7c24 284c | 894c 2458 | 4983 f900 | 488d 4424 | 5848 0f44 | 4424 5848 
  0x000002ad87b1fe20: 8944 2420 | 4c89 4424 | 5049 83f8 | 004c 8d4c | 2450 4c0f | 444c 2450 | 4889 5424 | 4848 83fa 
  0x000002ad87b1fe40: 004c 8d44 | 2448 4c0f | 4444 2448 

  0x000002ad87b1fe4c: ;   {oop(a 'java/lang/Class'{0x00000000815e0918} = 'java/lang/ClassLoader')}
  0x000002ad87b1fe4c: 49be 1809 | 5e81 0000 | 0000 4c89 | 7424 784c | 8d74 2478 | 498b d6c5 

  0x000002ad87b1fe64: ;   {internal_word}
  0x000002ad87b1fe64: f877 49ba | 63fe b187 | ad02 0000 | 4d89 97a0 | 0200 0049 | 89a7 9802 

  0x000002ad87b1fe7c: ;   {external_word}
  0x000002ad87b1fe7c: 0000 49ba | 7935 0ffb | ff7f 0000 | 4180 3a00 | 0f84 5200 | 0000 5241 

  0x000002ad87b1fe94: ;   {metadata({method} {0x000002ad96010f28} 'defineClass1' '(Ljava/lang/ClassLoader;Ljava/lang/String;[BIILjava/security/ProtectionDomain;Ljava/lang/String;)Ljava/lang/Class;' in 'java/lang/ClassLoader')}
  0x000002ad87b1fe94: 5041 5148 | ba20 0f01 | 96ad 0200 | 0049 8bcf | 4883 ec20 | f7c4 0f00 | 0000 0f84 | 1a00 0000 
  0x000002ad87b1feb4: 4883 ec08 

  0x000002ad87b1feb8: ;   {runtime_call}
  0x000002ad87b1feb8: 49ba a032 | c5fa ff7f | 0000 41ff | d248 83c4 | 08e9 0d00 

  0x000002ad87b1fecc: ;   {runtime_call}
  0x000002ad87b1fecc: 0000 49ba | a032 c5fa | ff7f 0000 | 41ff d248 | 83c4 2041 | 5941 585a | 498d 8fb8 | 0200 0041 
  0x000002ad87b1feec: c787 4803 | 0000 0400 

  0x000002ad87b1fef4: ;   {runtime_call}
  0x000002ad87b1fef4: 0000 49ba | ac16 843f | f87f 0000 | 41ff d2c5 | f877 41c7 | 8748 0300 | 0005 0000 | 00f0 8344 
  0x000002ad87b1ff14: 24c0 0049 | 3baf 5003 | 0000 0f87 | 1100 0000 | 4181 bf38 | 0300 0000 | 0000 000f | 842c 0000 
  0x000002ad87b1ff34: 00c5 f877 | 4889 45f8 | 498b cf4c | 8be4 4883 | ec20 4883 

  0x000002ad87b1ff48: ;   {runtime_call}
  0x000002ad87b1ff48: e4f0 49ba | 6047 d5fa | ff7f 0000 | 41ff d249 | 8be4 4d33 | e448 8b45 | f841 c787 | 4803 0000 
  0x000002ad87b1ff68: 0800 0000 | 4181 bfb8 | 0300 0002 | 0000 000f | 843f 0100 

  0x000002ad87b1ff7c: ;   {external_word}
  0x000002ad87b1ff7c: 0049 ba79 | 350f fbff | 7f00 0041 | 803a 000f | 8450 0000 | 0048 8945 

  0x000002ad87b1ff94: ;   {metadata({method} {0x000002ad96010f28} 'defineClass1' '(Ljava/lang/ClassLoader;Ljava/lang/String;[BIILjava/security/ProtectionDomain;Ljava/lang/String;)Ljava/lang/Class;' in 'java/lang/ClassLoader')}
  0x000002ad87b1ff94: f848 ba20 | 0f01 96ad | 0200 0049 | 8bcf 4883 | ec20 f7c4 | 0f00 0000 | 0f84 1a00 | 0000 4883 
  0x000002ad87b1ffb4: ;   {runtime_call}
  0x000002ad87b1ffb4: ec08 49ba | a032 c5fa | ff7f 0000 | 41ff d248 | 83c4 08e9 | 0d00 0000 

  0x000002ad87b1ffcc: ;   {runtime_call}
  0x000002ad87b1ffcc: 49ba a032 | c5fa ff7f | 0000 41ff | d248 83c4 | 2048 8b45 | f849 c787 | 9802 0000 | 0000 0000 
  0x000002ad87b1ffec: 49c7 87a0 | 0200 0000 | 0000 00c5 | f877 4885 | c00f 8493 | 0000 0048 | f7c0 0100 | 0000 0f84 
  0x000002ad87b2000c: 8300 0000 | 488b 40ff | 4180 7f38 | 000f 846f | 0000 0048 | 83f8 000f | 8465 0000 | 0049 8b4f 
  0x000002ad87b2002c: 2048 83f9 | 000f 8414 | 0000 0048 | 83e9 0849 | 894f 2049 | 034f 3048 | 8901 e943 | 0000 0050 
  0x000002ad87b2004c: 498b d748 | 8bc8 4883 | ec20 f7c4 | 0f00 0000 | 0f84 1a00 | 0000 4883 

  0x000002ad87b20064: ;   {runtime_call}
  0x000002ad87b20064: ec08 49ba | 804c 84fa | ff7f 0000 | 41ff d248 | 83c4 08e9 | 0d00 0000 

  0x000002ad87b2007c: ;   {runtime_call}
  0x000002ad87b2007c: 49ba 804c | 84fa ff7f | 0000 41ff | d248 83c4 | 2058 e903 | 0000 0048 | 8b00 498b | 8fd8 0000 
  0x000002ad87b2009c: 00c7 8100 | 0100 0000 | 0000 00c9 | 4981 7f08 | 0000 0000 | 0f85 0100 

  0x000002ad87b200b4: ;   {runtime_call StubRoutines (1)}
  0x000002ad87b200b4: 0000 c3e9 | 440e a1ff | c5f8 7748 | 8945 f84c | 8be4 4883 | ec20 4883 

  0x000002ad87b200cc: ;   {runtime_call}
  0x000002ad87b200cc: e4f0 49ba | 2063 c5fa | ff7f 0000 | 41ff d249 | 8be4 4d33 | e448 8b45 | f8e9 93fe | ffff f4f4 
  0x000002ad87b200ec: f4f4 f4f4 
[/MachCode]


Compiled method (c1)    5314 1095       3       java.lang.ClassLoader::defineClass (43 bytes)
 total in heap  [0x000002ad801eb690,0x000002ad801ebfc8] = 2360
 relocation     [0x000002ad801eb7e8,0x000002ad801eb878] = 144
 main code      [0x000002ad801eb880,0x000002ad801ebd20] = 1184
 stub code      [0x000002ad801ebd20,0x000002ad801ebd98] = 120
 metadata       [0x000002ad801ebd98,0x000002ad801ebdc8] = 48
 scopes data    [0x000002ad801ebdc8,0x000002ad801ebeb8] = 240
 scopes pcs     [0x000002ad801ebeb8,0x000002ad801ebf98] = 224
 dependencies   [0x000002ad801ebf98,0x000002ad801ebfa0] = 8
 nul chk table  [0x000002ad801ebfa0,0x000002ad801ebfc8] = 40

[Constant Pool (empty)]

[MachCode]
[Entry Point]
  # {method} {0x000002ad96010cc0} 'defineClass' '(Ljava/lang/String;[BIILjava/security/ProtectionDomain;)Ljava/lang/Class;' in 'java/lang/ClassLoader'
  # this:     rdx:rdx   = 'java/lang/ClassLoader'
  # parm0:    r8:r8     = 'java/lang/String'
  # parm1:    r9:r9     = '[B'
  # parm2:    rdi       = int
  # parm3:    rsi       = int
  # parm4:    rcx:rcx   = 'java/security/ProtectionDomain'
  #           [sp+0xc0]  (sp of caller)
  0x000002ad801eb880: 448b 5208 | 49bb 0000 | 0096 ad02 | 0000 4d03 | d34c 3bd0 

  0x000002ad801eb894: ;   {runtime_call ic_miss_stub}
  0x000002ad801eb894: 0f85 e657 | 3907 660f | 1f44 0000 
[Verified Entry Point]
  0x000002ad801eb8a0: 8984 2400 | 90ff ff55 | 4881 ecb0 | 0000 0048 | 8954 2478 

  0x000002ad801eb8b4: ;   {metadata(method data for {method} {0x000002ad96010cc0} 'defineClass' '(Ljava/lang/String;[BIILjava/security/ProtectionDomain;)Ljava/lang/Class;' in 'java/lang/ClassLoader')}
  0x000002ad801eb8b4: 48bb f01f | 27d7 ad02 | 0000 8b83 | cc00 0000 | 83c0 0289 | 83cc 0000 | 0081 e0fe | 0700 0083 
  0x000002ad801eb8d4: f800 0f84 | 4e03 0000 | 89b4 2494 | 0000 0089 | bc24 9000 | 0000 4c89 | 8c24 8800 | 0000 488b 
  0x000002ad801eb8f4: ;   {metadata(method data for {method} {0x000002ad96010cc0} 'defineClass' '(Ljava/lang/String;[BIILjava/security/ProtectionDomain;)Ljava/lang/Class;' in 'java/lang/ClassLoader')}
  0x000002ad801eb8f4: da48 b8f0 | 1f27 d7ad | 0200 0048 | 8380 1001 | 0000 0149 | 8bd8 4c8b | c34c 8bc9 | 488b ca48 
  0x000002ad801eb914: 8bd1 4889 | 9c24 8000 

  0x000002ad801eb91c: ;   {optimized virtual_call}
  0x000002ad801eb91c: 0000 90e8 

  0x000002ad801eb920: ; ImmutableOopMap {[120]=Oop [136]=Oop [128]=Oop }
                      ;*invokevirtual preDefineClass {reexecute=0 rethrow=0 return_oop=0}
                      ; - java.lang.ClassLoader::defineClass@4 (line 1015)
  0x000002ad801eb920: 7c69 fdff | 4889 8424 | 9800 0000 | 488b 5424 

  0x000002ad801eb930: ;   {metadata(method data for {method} {0x000002ad96010cc0} 'defineClass' '(Ljava/lang/String;[BIILjava/security/ProtectionDomain;)Ljava/lang/Class;' in 'java/lang/ClassLoader')}
  0x000002ad801eb930: 7849 b8f0 | 1f27 d7ad | 0200 0049 | 8380 4801 

  0x000002ad801eb940: ;   {metadata(method data for {method} {0x000002ad96010ed0} 'defineClassSourceLocation' '(Ljava/security/ProtectionDomain;)Ljava/lang/String;' in 'java/lang/ClassLoader')}
  0x000002ad801eb940: 0000 0149 | b870 e027 | d7ad 0200 | 0041 8b90 | cc00 0000 | 83c2 0241 | 8990 cc00 | 0000 81e2 
  0x000002ad801eb960: feff 1f00 | 83fa 000f | 84de 0200 | 0048 3b00 

  0x000002ad801eb970: ;   {metadata(method data for {method} {0x000002ad96010ed0} 'defineClassSourceLocation' '(Ljava/security/ProtectionDomain;)Ljava/lang/String;' in 'java/lang/ClassLoader')}
  0x000002ad801eb970: 4c8b c048 | ba70 e027 | d7ad 0200 | 0048 8382 | 1001 0000 | 0144 8b40 | 1049 83f8 

  0x000002ad801eb98c: ;   {metadata(method data for {method} {0x000002ad96010ed0} 'defineClassSourceLocation' '(Ljava/security/ProtectionDomain;)Ljava/lang/String;' in 'java/lang/ClassLoader')}
  0x000002ad801eb98c: 0048 ba70 | e027 d7ad | 0200 0048 | be58 0100 | 0000 0000 | 000f 850a | 0000 0048 | be48 0100 
  0x000002ad801eb9ac: 0000 0000 | 0048 8b3c | 3248 8d7f | 0148 893c | 320f 850f 

  0x000002ad801eb9c0: ;   {oop(NULL)}
  0x000002ad801eb9c0: 0000 0048 | bb00 0000 | 0000 0000 | 00e9 ad01 | 0000 493b | 0049 8bd0 

  0x000002ad801eb9d8: ;   {metadata(method data for {method} {0x000002ad96010ed0} 'defineClassSourceLocation' '(Ljava/security/ProtectionDomain;)Ljava/lang/String;' in 'java/lang/ClassLoader')}
  0x000002ad801eb9d8: 48be 70e0 | 27d7 ad02 | 0000 4883 | 8668 0100 | 0001 418b | 500c 4883 

  0x000002ad801eb9f0: ;   {metadata(method data for {method} {0x000002ad96010ed0} 'defineClassSourceLocation' '(Ljava/security/ProtectionDomain;)Ljava/lang/String;' in 'java/lang/ClassLoader')}
  0x000002ad801eb9f0: fa00 48be | 70e0 27d7 | ad02 0000 | 48bf b001 | 0000 0000 | 0000 0f85 | 0a00 0000 | 48bf a001 
  0x000002ad801eba10: 0000 0000 | 0000 488b | 1c3e 488d | 5b01 4889 | 1c3e 0f85 | 0f00 0000 

  0x000002ad801eba28: ;   {oop(NULL)}
  0x000002ad801eba28: 48bb 0000 | 0000 0000 | 0000 e948 

  0x000002ad801eba34: ;   {metadata(method data for {method} {0x000002ad96010ed0} 'defineClassSourceLocation' '(Ljava/security/ProtectionDomain;)Ljava/lang/String;' in 'java/lang/ClassLoader')}
  0x000002ad801eba34: 0100 0048 | be70 e027 | d7ad 0200 | 0048 8386 | c001 0000 | 0148 3b02 

  0x000002ad801eba4c: ;   {metadata(method data for {method} {0x000002ad96010ed0} 'defineClassSourceLocation' '(Ljava/security/ProtectionDomain;)Ljava/lang/String;' in 'java/lang/ClassLoader')}
  0x000002ad801eba4c: 4c8b c248 | be70 e027 | d7ad 0200 | 0048 8386 | f801 0000 

  0x000002ad801eba60: ;   {metadata(method data for {method} {0x000002ad96069930} 'toString' '()Ljava/lang/String;' in 'java/net/URL')}
  0x000002ad801eba60: 0149 b880 | 1f1c d7ad | 0200 0041 | 8bb0 cc00 | 0000 83c6 | 0241 89b0 | cc00 0000 | 81e6 feff 
  0x000002ad801eba80: 1f00 83fe | 000f 84f0 | 0100 004c 

  0x000002ad801eba8c: ;   {metadata(method data for {method} {0x000002ad96069930} 'toString' '()Ljava/lang/String;' in 'java/net/URL')}
  0x000002ad801eba8c: 8bc2 48be | 801f 1cd7 | ad02 0000 | 4883 8610 | 0100 0001 

  0x000002ad801ebaa0: ;   {metadata(method data for {method} {0x000002ad9606a1c8} 'toExternalForm' '()Ljava/lang/String;' in 'java/net/URL')}
  0x000002ad801ebaa0: 49b8 0821 | 1cd7 ad02 | 0000 418b | b0cc 0000 | 0083 c602 | 4189 b0cc | 0000 0081 | e6fe ff1f 
  0x000002ad801ebac0: 0083 fe00 | 0f84 d201 | 0000 8b72 | 3848 3b06 

  0x000002ad801ebad0: ;   {metadata(method data for {method} {0x000002ad9606a1c8} 'toExternalForm' '()Ljava/lang/String;' in 'java/net/URL')}
  0x000002ad801ebad0: 4c8b c648 | bf08 211c | d7ad 0200 | 0045 8b40 | 0849 ba00 | 0000 96ad | 0200 004d | 03c2 4c3b 
  0x000002ad801ebaf0: 8720 0100 | 0075 0d48 | 8387 2801 | 0000 01e9 | 6600 0000 | 4c3b 8730 | 0100 0075 | 0d48 8387 
  0x000002ad801ebb10: 3801 0000 | 01e9 5000 | 0000 4881 | bf20 0100 | 0000 0000 | 0075 174c | 8987 2001 | 0000 48c7 
  0x000002ad801ebb30: 8728 0100 | 0001 0000 | 00e9 2c00 | 0000 4881 | bf30 0100 | 0000 0000 | 0075 174c | 8987 3001 
  0x000002ad801ebb50: 0000 48c7 | 8738 0100 | 0001 0000 | 00e9 0800 | 0000 4883 | 8710 0100 | 0001 4c8b | c248 8bd6 
  0x000002ad801ebb70: 0f1f 8000 

  0x000002ad801ebb74: ;   {optimized virtual_call}
  0x000002ad801ebb74: 0000 00e8 

  0x000002ad801ebb78: ; ImmutableOopMap {[120]=Oop [136]=Oop [128]=Oop [152]=Oop }
                      ;*invokevirtual toExternalForm {reexecute=0 rethrow=0 return_oop=0}
                      ; - java.net.URL::toExternalForm@5 (line 1039)
                      ; - java.net.URL::toString@1 (line 1025)
                      ; - java.lang.ClassLoader::defineClassSourceLocation@22 (line 917)
                      ; - java.lang.ClassLoader::defineClass@12 (line 1016)
  0x000002ad801ebb78: c448 fbff | 488b d848 | 8b84 2498 | 0000 008b | b424 9400 | 0000 8bbc | 2490 0000 | 004c 8b8c 
  0x000002ad801ebb98: 2488 0000 | 004c 8b84 | 2480 0000 | 0048 8b54 

  0x000002ad801ebba8: ;   {metadata(method data for {method} {0x000002ad96010cc0} 'defineClass' '(Ljava/lang/String;[BIILjava/security/ProtectionDomain;)Ljava/lang/Class;' in 'java/lang/ClassLoader')}
  0x000002ad801ebba8: 2478 48b9 | f01f 27d7 | ad02 0000 | 4883 8180 | 0100 0001 | 4c8b da49 | 8bd3 488b | c848 891c 
  0x000002ad801ebbc8: 2466 0f1f 

  0x000002ad801ebbcc: ;   {static_call}
  0x000002ad801ebbcc: 4400 00e8 

  0x000002ad801ebbd0: ; ImmutableOopMap {[152]=Oop [120]=Oop }
                      ;*invokestatic defineClass1 {reexecute=0 rethrow=0 return_oop=0}
                      ; - java.lang.ClassLoader::defineClass@27 (line 1017)
  0x000002ad801ebbd0: ec41 9307 | 488b 5424 

  0x000002ad801ebbd8: ;   {metadata(method data for {method} {0x000002ad96010cc0} 'defineClass' '(Ljava/lang/String;[BIILjava/security/ProtectionDomain;)Ljava/lang/Class;' in 'java/lang/ClassLoader')}
  0x000002ad801ebbd8: 7849 b8f0 | 1f27 d7ad | 0200 0049 | 8380 9001 | 0000 014c | 8bc0 4c8b | 8c24 9800 | 0000 488b 
  0x000002ad801ebbf8: 5424 7848 | 8984 24a0 | 0000 000f 

  0x000002ad801ebc04: ;   {optimized virtual_call}
  0x000002ad801ebc04: 1f40 00e8 

  0x000002ad801ebc08: ; ImmutableOopMap {[160]=Oop }
                      ;*invokevirtual postDefineClass {reexecute=0 rethrow=0 return_oop=0}
                      ; - java.lang.ClassLoader::defineClass@37 (line 1018)
  0x000002ad801ebc08: 14d1 fbff | 488b 8424 | a000 0000 | 4881 c4b0 | 0000 005d 

  0x000002ad801ebc1c: ;   {poll_return}
  0x000002ad801ebc1c: 493b a750 | 0300 000f | 8799 0000 

  0x000002ad801ebc28: ;   {metadata({method} {0x000002ad96010cc0} 'defineClass' '(Ljava/lang/String;[BIILjava/security/ProtectionDomain;)Ljava/lang/Class;' in 'java/lang/ClassLoader')}
  0x000002ad801ebc28: 00c3 49ba | b80c 0196 | ad02 0000 | 4c89 5424 | 0848 c704 | 24ff ffff 

  0x000002ad801ebc40: ;   {runtime_call counter_overflow Runtime1 stub}
  0x000002ad801ebc40: ffe8 ba01 

  0x000002ad801ebc44: ; ImmutableOopMap {rdx=Oop [120]=Oop r8=Oop r9=Oop rcx=Oop }
                      ;*synchronization entry
                      ; - java.lang.ClassLoader::defineClass@-1 (line 1015)
  0x000002ad801ebc44: 4407 e991 

  0x000002ad801ebc48: ;   {metadata({method} {0x000002ad96010ed0} 'defineClassSourceLocation' '(Ljava/security/ProtectionDomain;)Ljava/lang/String;' in 'java/lang/ClassLoader')}
  0x000002ad801ebc48: fcff ff49 | bac8 0e01 | 96ad 0200 | 004c 8954 | 2408 48c7 | 0424 ffff 

  0x000002ad801ebc60: ;   {runtime_call counter_overflow Runtime1 stub}
  0x000002ad801ebc60: ffff e899 

  0x000002ad801ebc64: ; ImmutableOopMap {[120]=Oop [136]=Oop [128]=Oop rax=Oop [152]=Oop }
                      ;*synchronization entry
                      ; - java.lang.ClassLoader::defineClassSourceLocation@-1 (line 914)
                      ; - java.lang.ClassLoader::defineClass@12 (line 1016)
  0x000002ad801ebc64: 0144 07e9 | 01fd ffff 

  0x000002ad801ebc6c: ;   {runtime_call throw_null_pointer_exception Runtime1 stub}
  0x000002ad801ebc6c: e82f c33a 

  0x000002ad801ebc70: ; ImmutableOopMap {[120]=Oop [136]=Oop [128]=Oop rax=Oop [152]=Oop }
                      ;*invokevirtual getCodeSource {reexecute=0 rethrow=0 return_oop=0}
                      ; - java.lang.ClassLoader::defineClassSourceLocation@1 (line 914)
                      ; - java.lang.ClassLoader::defineClass@12 (line 1016)
                      ;   {runtime_call throw_null_pointer_exception Runtime1 stub}
  0x000002ad801ebc70: 07e8 2ac3 

  0x000002ad801ebc74: ; ImmutableOopMap {[120]=Oop [136]=Oop [128]=Oop rax=Oop [152]=Oop r8=Oop }
                      ;*invokevirtual getLocation {reexecute=0 rethrow=0 return_oop=0}
                      ; - java.lang.ClassLoader::defineClassSourceLocation@12 (line 916)
                      ; - java.lang.ClassLoader::defineClass@12 (line 1016)
                      ;   {runtime_call throw_null_pointer_exception Runtime1 stub}
  0x000002ad801ebc74: 3a07 e825 

  0x000002ad801ebc78: ; ImmutableOopMap {[120]=Oop [136]=Oop [128]=Oop [152]=Oop rdx=Oop }
                      ;*invokevirtual toString {reexecute=0 rethrow=0 return_oop=0}
                      ; - java.lang.ClassLoader::defineClassSourceLocation@22 (line 917)
                      ; - java.lang.ClassLoader::defineClass@12 (line 1016)
                      ;   {metadata({method} {0x000002ad96069930} 'toString' '()Ljava/lang/String;' in 'java/net/URL')}
  0x000002ad801ebc78: c33a 0749 | ba28 9906 | 96ad 0200 | 004c 8954 | 2408 48c7 | 0424 ffff 

  0x000002ad801ebc90: ;   {runtime_call counter_overflow Runtime1 stub}
  0x000002ad801ebc90: ffff e869 

  0x000002ad801ebc94: ; ImmutableOopMap {[120]=Oop [136]=Oop [128]=Oop [152]=Oop rdx=Oop }
                      ;*synchronization entry
                      ; - java.net.URL::toString@-1 (line 1025)
                      ; - java.lang.ClassLoader::defineClassSourceLocation@22 (line 917)
                      ; - java.lang.ClassLoader::defineClass@12 (line 1016)
  0x000002ad801ebc94: 0144 07e9 | effd ffff 

  0x000002ad801ebc9c: ;   {metadata({method} {0x000002ad9606a1c8} 'toExternalForm' '()Ljava/lang/String;' in 'java/net/URL')}
  0x000002ad801ebc9c: 49ba c0a1 | 0696 ad02 | 0000 4c89 | 5424 0848 | c704 24ff 

  0x000002ad801ebcb0: ;   {runtime_call counter_overflow Runtime1 stub}
  0x000002ad801ebcb0: ffff ffe8 

  0x000002ad801ebcb4: ; ImmutableOopMap {[120]=Oop [136]=Oop [128]=Oop [152]=Oop rdx=Oop }
                      ;*synchronization entry
                      ; - java.net.URL::toExternalForm@-1 (line 1039)
                      ; - java.net.URL::toString@1 (line 1025)
                      ; - java.lang.ClassLoader::defineClassSourceLocation@22 (line 917)
                      ; - java.lang.ClassLoader::defineClass@12 (line 1016)
  0x000002ad801ebcb4: 4801 4407 | e90d feff 

  0x000002ad801ebcbc: ;   {runtime_call throw_null_pointer_exception Runtime1 stub}
  0x000002ad801ebcbc: ffe8 dec2 

  0x000002ad801ebcc0: ; ImmutableOopMap {[120]=Oop [136]=Oop [128]=Oop [152]=Oop rdx=Oop rsi=Oop }
                      ;*invokevirtual toExternalForm {reexecute=0 rethrow=0 return_oop=0}
                      ; - java.net.URL::toExternalForm@5 (line 1039)
                      ; - java.net.URL::toString@1 (line 1025)
                      ; - java.lang.ClassLoader::defineClassSourceLocation@22 (line 917)
                      ; - java.lang.ClassLoader::defineClass@12 (line 1016)
                      ;   {internal_word}
  0x000002ad801ebcc0: 3a07 49ba | 1cbc 1e80 | ad02 0000 | 4d89 9768 

  0x000002ad801ebcd0: ;   {runtime_call SafepointBlob}
  0x000002ad801ebcd0: 0300 00e9 | 28bd 3907 | 9090 498b | 87e0 0300 | 0049 c787 | e003 0000 | 0000 0000 | 49c7 87e8 
  0x000002ad801ebcf0: 0300 0000 | 0000 0048 | 81c4 b000 

  0x000002ad801ebcfc: ;   {runtime_call unwind_exception Runtime1 stub}
  0x000002ad801ebcfc: 0000 5de9 | 7cd1 3a07 | f4f4 f4f4 | f4f4 f4f4 | f4f4 f4f4 | f4f4 f4f4 | f4f4 f4f4 | f4f4 f4f4 
  0x000002ad801ebd1c: f4f4 f4f4 
[Stub Code]
  0x000002ad801ebd20: ;   {no_reloc}
  0x000002ad801ebd20: 0f1f 4400 

  0x000002ad801ebd24: ;   {static_stub}
  0x000002ad801ebd24: 0048 bb00 | 0000 0000 

  0x000002ad801ebd2c: ;   {runtime_call}
  0x000002ad801ebd2c: 0000 00e9 | fbff ffff 

  0x000002ad801ebd34: ;   {static_stub}
  0x000002ad801ebd34: 9048 bb00 | 0000 0000 

  0x000002ad801ebd3c: ;   {runtime_call}
  0x000002ad801ebd3c: 0000 00e9 | fbff ffff 

  0x000002ad801ebd44: ;   {static_stub}
  0x000002ad801ebd44: 9048 bb00 | 0000 0000 

  0x000002ad801ebd4c: ;   {runtime_call}
  0x000002ad801ebd4c: 0000 00e9 | fbff ffff 

  0x000002ad801ebd54: ;   {static_stub}
  0x000002ad801ebd54: 9048 bb00 | 0000 0000 

  0x000002ad801ebd5c: ;   {runtime_call}
  0x000002ad801ebd5c: 0000 00e9 | fbff ffff 
[Exception Handler]
  0x000002ad801ebd64: ;   {runtime_call handle_exception_from_callee Runtime1 stub}
  0x000002ad801ebd64: e817 e03a 

  0x000002ad801ebd68: ;   {external_word}
  0x000002ad801ebd68: 0748 b950 | 9ae9 faff | 7f00 0048 

  0x000002ad801ebd74: ;   {runtime_call}
  0x000002ad801ebd74: 83e4 f049 | ba80 31b2 | faff 7f00 | 0041 ffd2 

  0x000002ad801ebd84: ;   {section_word}
  0x000002ad801ebd84: f449 ba85 | bd1e 80ad | 0200 0041 

  0x000002ad801ebd90: ;   {runtime_call DeoptimizationBlob}
  0x000002ad801ebd90: 52e9 0aaf | 3907 f4f4 
[/MachCode]


Compiled method (c1)    5329  986       3       java.security.SecureClassLoader::defineClass (16 bytes)
 total in heap  [0x000002ad801ba890,0x000002ad801bac80] = 1008
 relocation     [0x000002ad801ba9e8,0x000002ad801baa30] = 72
 main code      [0x000002ad801baa40,0x000002ad801bab80] = 320
 stub code      [0x000002ad801bab80,0x000002ad801babd8] = 88
 metadata       [0x000002ad801babd8,0x000002ad801babe0] = 8
 scopes data    [0x000002ad801babe0,0x000002ad801bac28] = 72
 scopes pcs     [0x000002ad801bac28,0x000002ad801bac78] = 80
 dependencies   [0x000002ad801bac78,0x000002ad801bac80] = 8

[Constant Pool (empty)]

[MachCode]
[Entry Point]
  # {method} {0x000002ad96434ab0} 'defineClass' '(Ljava/lang/String;[BIILjava/security/CodeSource;)Ljava/lang/Class;' in 'java/security/SecureClassLoader'
  # this:     rdx:rdx   = 'java/security/SecureClassLoader'
  # parm0:    r8:r8     = 'java/lang/String'
  # parm1:    r9:r9     = '[B'
  # parm2:    rdi       = int
  # parm3:    rsi       = int
  # parm4:    rcx:rcx   = 'java/security/CodeSource'
  #           [sp+0x80]  (sp of caller)
  0x000002ad801baa40: 448b 5208 | 49bb 0000 | 0096 ad02 | 0000 4d03 | d34c 3bd0 

  0x000002ad801baa54: ;   {runtime_call ic_miss_stub}
  0x000002ad801baa54: 0f85 2666 | 3c07 660f | 1f44 0000 
[Verified Entry Point]
  0x000002ad801baa60: 8984 2400 | 90ff ff55 | 4883 ec70 

  0x000002ad801baa6c: ;   {metadata(method data for {method} {0x000002ad96434ab0} 'defineClass' '(Ljava/lang/String;[BIILjava/security/CodeSource;)Ljava/lang/Class;' in 'java/security/SecureClassLoader')}
  0x000002ad801baa6c: 48bb 90cf | 21d7 ad02 | 0000 8b83 | cc00 0000 | 83c0 0289 | 83cc 0000 | 0081 e0fe | 0700 0083 
  0x000002ad801baa8c: f800 0f84 | 8b00 0000 | 8974 245c | 897c 2458 | 4c89 4c24 | 504c 8944 | 2448 488b 

  0x000002ad801baaa8: ;   {metadata(method data for {method} {0x000002ad96434ab0} 'defineClass' '(Ljava/lang/String;[BIILjava/security/CodeSource;)Ljava/lang/Class;' in 'java/security/SecureClassLoader')}
  0x000002ad801baaa8: da48 b890 | cf21 d7ad | 0200 0048 | 8380 1001 | 0000 014c | 8bc1 488b | c248 8bd0 | 4889 4424 
  0x000002ad801baac8: 4066 0f1f 

  0x000002ad801baacc: ;   {optimized virtual_call}
  0x000002ad801baacc: 4400 00e8 

  0x000002ad801baad0: ; ImmutableOopMap {[80]=Oop [64]=Oop [72]=Oop }
                      ;*invokevirtual getProtectionDomain {reexecute=0 rethrow=0 return_oop=0}
                      ; - java.security.SecureClassLoader::defineClass@9 (line 150)
  0x000002ad801baad0: ccd7 feff | 488b 5424 

  0x000002ad801baad8: ;   {metadata(method data for {method} {0x000002ad96434ab0} 'defineClass' '(Ljava/lang/String;[BIILjava/security/CodeSource;)Ljava/lang/Class;' in 'java/security/SecureClassLoader')}
  0x000002ad801baad8: 4049 b890 | cf21 d7ad | 0200 0049 | 8380 4801 | 0000 014c | 8b44 2448 | 4c8b 4c24 | 508b 7c24 
  0x000002ad801baaf8: 588b 7424 | 5c48 8bc8 | 488b 5424 

  0x000002ad801bab04: ;   {optimized virtual_call}
  0x000002ad801bab04: 4066 90e8 

  0x000002ad801bab08: ; ImmutableOopMap {}
                      ;*invokevirtual defineClass {reexecute=0 rethrow=0 return_oop=0}
                      ; - java.security.SecureClassLoader::defineClass@12 (line 150)
  0x000002ad801bab08: 940d 0300 | 4883 c470 

  0x000002ad801bab10: ;   {poll_return}
  0x000002ad801bab10: 5d49 3ba7 | 5003 0000 | 0f87 2200 

  0x000002ad801bab1c: ;   {metadata({method} {0x000002ad96434ab0} 'defineClass' '(Ljava/lang/String;[BIILjava/security/CodeSource;)Ljava/lang/Class;' in 'java/security/SecureClassLoader')}
  0x000002ad801bab1c: 0000 c349 | baa8 4a43 | 96ad 0200 | 004c 8954 | 2408 48c7 | 0424 ffff 

  0x000002ad801bab34: ;   {runtime_call counter_overflow Runtime1 stub}
  0x000002ad801bab34: ffff e8c5 

  0x000002ad801bab38: ; ImmutableOopMap {rdx=Oop r8=Oop r9=Oop rcx=Oop }
                      ;*synchronization entry
                      ; - java.security.SecureClassLoader::defineClass@-1 (line 150)
  0x000002ad801bab38: 1247 07e9 | 54ff ffff 

  0x000002ad801bab40: ;   {internal_word}
  0x000002ad801bab40: 49ba 11ab | 1b80 ad02 | 0000 4d89 | 9768 0300 

  0x000002ad801bab50: ;   {runtime_call SafepointBlob}
  0x000002ad801bab50: 00e9 aace | 3c07 9090 | 498b 87e0 | 0300 0049 | c787 e003 | 0000 0000 | 0000 49c7 | 87e8 0300 
  0x000002ad801bab70: 0000 0000 | 0048 83c4 

  0x000002ad801bab78: ;   {runtime_call unwind_exception Runtime1 stub}
  0x000002ad801bab78: 705d e901 | e33d 07f4 
[Stub Code]
  0x000002ad801bab80: ;   {no_reloc}
  0x000002ad801bab80: 0f1f 4400 

  0x000002ad801bab84: ;   {static_stub}
  0x000002ad801bab84: 0048 bb00 | 0000 0000 

  0x000002ad801bab8c: ;   {runtime_call}
  0x000002ad801bab8c: 0000 00e9 | fbff ffff 

  0x000002ad801bab94: ;   {static_stub}
  0x000002ad801bab94: 9048 bbb8 | 0c01 96ad 

  0x000002ad801bab9c: ;   {runtime_call I2C/C2I adapters}
  0x000002ad801bab9c: 0200 00e9 | 47cb 3b07 
[Exception Handler]
  0x000002ad801baba4: ;   {runtime_call handle_exception_from_callee Runtime1 stub}
  0x000002ad801baba4: e8d7 f13d 

  0x000002ad801baba8: ;   {external_word}
  0x000002ad801baba8: 0748 b950 | 9ae9 faff | 7f00 0048 

  0x000002ad801babb4: ;   {runtime_call}
  0x000002ad801babb4: 83e4 f049 | ba80 31b2 | faff 7f00 | 0041 ffd2 

  0x000002ad801babc4: ;   {section_word}
  0x000002ad801babc4: f449 bac5 | ab1b 80ad | 0200 0041 

  0x000002ad801babd0: ;   {runtime_call DeoptimizationBlob}
  0x000002ad801babd0: 52e9 cac0 | 3c07 f4f4 
[/MachCode]


---------------  P R O C E S S  ---------------

Threads class SMR info:
_java_thread_list=0x000002addbd5fec0, length=15, elements={
0x000002adf68fbdc0, 0x000002ad95c420b0, 0x000002ad95c43540, 0x000002ad95c52c60,
0x000002ad95c55730, 0x000002ad95c560f0, 0x000002ad95c56ab0, 0x000002ad95c57850,
0x000002ad95c62f70, 0x000002ad95c6f090, 0x000002addb0b5900, 0x000002addb3fea40,
0x000002addb223a20, 0x000002addbe92160, 0x000002addbddd570
}

Java Threads: ( => current thread )
=>0x000002adf68fbdc0 JavaThread "main" [_thread_in_vm, id=32080, stack(0x000000b0f3600000,0x000000b0f3700000)]
  0x000002ad95c420b0 JavaThread "Reference Handler" daemon [_thread_blocked, id=5540, stack(0x000000b0f3d00000,0x000000b0f3e00000)]
  0x000002ad95c43540 JavaThread "Finalizer" daemon [_thread_blocked, id=33700, stack(0x000000b0f3e00000,0x000000b0f3f00000)]
  0x000002ad95c52c60 JavaThread "Signal Dispatcher" daemon [_thread_blocked, id=30388, stack(0x000000b0f3f00000,0x000000b0f4000000)]
  0x000002ad95c55730 JavaThread "Attach Listener" daemon [_thread_blocked, id=21484, stack(0x000000b0f4000000,0x000000b0f4100000)]
  0x000002ad95c560f0 JavaThread "Service Thread" daemon [_thread_blocked, id=21304, stack(0x000000b0f4100000,0x000000b0f4200000)]
  0x000002ad95c56ab0 JavaThread "Monitor Deflation Thread" daemon [_thread_blocked, id=23988, stack(0x000000b0f4200000,0x000000b0f4300000)]
  0x000002ad95c57850 JavaThread "C2 CompilerThread0" daemon [_thread_in_native, id=22692, stack(0x000000b0f4300000,0x000000b0f4400000)]
  0x000002ad95c62f70 JavaThread "C1 CompilerThread0" daemon [_thread_blocked, id=24524, stack(0x000000b0f4400000,0x000000b0f4500000)]
  0x000002ad95c6f090 JavaThread "Sweeper thread" daemon [_thread_blocked, id=33032, stack(0x000000b0f4500000,0x000000b0f4600000)]
  0x000002addb0b5900 JavaThread "Common-Cleaner" daemon [_thread_blocked, id=30224, stack(0x000000b0f4600000,0x000000b0f4700000)]
  0x000002addb3fea40 JavaThread "Monitor Ctrl-Break" daemon [_thread_in_native, id=700, stack(0x000000b0f4800000,0x000000b0f4900000)]
  0x000002addb223a20 JavaThread "Notification Thread" daemon [_thread_blocked, id=7148, stack(0x000000b0f4900000,0x000000b0f4a00000)]
  0x000002addbe92160 JavaThread "C2 CompilerThread1" daemon [_thread_in_native, id=15428, stack(0x000000b0f4f00000,0x000000b0f5000000)]
  0x000002addbddd570 JavaThread "background-preinit" [_thread_in_vm, id=33364, stack(0x000000b0f5000000,0x000000b0f5100000)]

Other Threads:
  0x000002ad95c3c900 VMThread "VM Thread" [stack: 0x000000b0f3c00000,0x000000b0f3d00000] [id=31872]
  0x000002adf68fc950 WatcherThread [stack: 0x000000b0f4a00000,0x000000b0f4b00000] [id=25148]
  0x000002adf6954b20 GCTaskThread "GC Thread#0" [stack: 0x000000b0f3700000,0x000000b0f3800000] [id=23916]
  0x000002addbcb0210 GCTaskThread "GC Thread#1" [stack: 0x000000b0f4700000,0x000000b0f4800000] [id=3336]
  0x000002addbc7f190 GCTaskThread "GC Thread#2" [stack: 0x000000b0f4b00000,0x000000b0f4c00000] [id=20400]
  0x000002addbdbf210 GCTaskThread "GC Thread#3" [stack: 0x000000b0f4c00000,0x000000b0f4d00000] [id=28716]
  0x000002addbdbf4d0 GCTaskThread "GC Thread#4" [stack: 0x000000b0f4d00000,0x000000b0f4e00000] [id=28076]
  0x000002addbdc17a0 GCTaskThread "GC Thread#5" [stack: 0x000000b0f4e00000,0x000000b0f4f00000] [id=18568]
  0x000002adf6965830 ConcurrentGCThread "G1 Main Marker" [stack: 0x000000b0f3800000,0x000000b0f3900000] [id=27064]
  0x000002adf6967260 ConcurrentGCThread "G1 Conc#0" [stack: 0x000000b0f3900000,0x000000b0f3a00000] [id=28860]
  0x000002adf699d8b0 ConcurrentGCThread "G1 Refine#0" [stack: 0x000000b0f3a00000,0x000000b0f3b00000] [id=33064]
  0x000002adf699e2e0 ConcurrentGCThread "G1 Service" [stack: 0x000000b0f3b00000,0x000000b0f3c00000] [id=22768]

Threads with active compile tasks:
C2 CompilerThread0     5334 1744   !   4       java.util.concurrent.ConcurrentHashMap::transfer (849 bytes)
C2 CompilerThread1     5334 1658       4       jdk.internal.org.objectweb.asm.Frame::execute (2305 bytes)

VM state: not at safepoint (normal execution)

VM Mutex/Monitor currently owned by a thread:  ([mutex/lock_event])
[0x000002adf68f6a00] Metaspace_lock - owner thread: 0x000002adf68fbdc0

Heap address: 0x0000000081200000, size: 2030 MB, Compressed Oops mode: 32-bit

CDS archive(s) mapped at: [0x000002ad96000000-0x000002ad96bc0000-0x000002ad96bc0000), size 12320768, SharedBaseAddress: 0x000002ad96000000, ArchiveRelocationMode: 1.
Compressed class space mapped at: 0x000002ad97000000-0x000002add7000000, reserved size: 1073741824
Narrow klass base: 0x000002ad96000000, Narrow klass shift: 0, Narrow klass range: 0x100000000

GC Precious Log:
 CPUs: 6 total, 6 available
 Memory: 8114M
 Large Page Support: Disabled
 NUMA Support: Disabled
 Compressed Oops: Enabled (32-bit)
 Heap Region Size: 1M
 Heap Min Capacity: 8M
 Heap Initial Capacity: 128M
 Heap Max Capacity: 2030M
 Pre-touch: Disabled
 Parallel Workers: 6
 Concurrent Workers: 2
 Concurrent Refinement Workers: 6
 Periodic GC: Disabled

Heap:
 garbage-first heap   total 131072K, used 15619K [0x0000000081200000, 0x0000000100000000)
  region size 1024K, 10 young (10240K), 3 survivors (3072K)
 Metaspace       used 13575K, committed 13760K, reserved 1114112K
  class space    used 1632K, committed 1728K, reserved 1048576K

Heap Regions: E=young(eden), S=young(survivor), O=old, HS=humongous(starts), HC=humongous(continues), CS=collection set, F=free, OA=open archive, CA=closed archive, TAMS=top-at-mark-start (previous, next)
|   0|0x0000000081200000, 0x0000000081300000, 0x0000000081300000|100%|HS|  |TAMS 0x0000000081200000, 0x0000000081200000| Complete 
|   1|0x0000000081300000, 0x0000000081400000, 0x0000000081400000|100%| O|  |TAMS 0x0000000081300000, 0x0000000081300000| Untracked 
|   2|0x0000000081400000, 0x0000000081500000, 0x0000000081500000|100%| O|  |TAMS 0x0000000081400000, 0x0000000081400000| Untracked 
|   3|0x0000000081500000, 0x0000000081600000, 0x0000000081600000|100%| O|  |TAMS 0x0000000081500000, 0x0000000081500000| Untracked 
|   4|0x0000000081600000, 0x0000000081700000, 0x0000000081700000|100%| O|  |TAMS 0x0000000081600000, 0x0000000081600000| Untracked 
|   5|0x0000000081700000, 0x0000000081800000, 0x0000000081800000|100%| O|  |TAMS 0x0000000081700000, 0x0000000081700000| Untracked 
|   6|0x0000000081800000, 0x00000000818d9400, 0x0000000081900000| 84%| O|  |TAMS 0x0000000081800000, 0x0000000081800000| Untracked 
|   7|0x0000000081900000, 0x0000000081900000, 0x0000000081a00000|  0%| F|  |TAMS 0x0000000081900000, 0x0000000081900000| Untracked 
|   8|0x0000000081a00000, 0x0000000081a00000, 0x0000000081b00000|  0%| F|  |TAMS 0x0000000081a00000, 0x0000000081a00000| Untracked 
|   9|0x0000000081b00000, 0x0000000081b00000, 0x0000000081c00000|  0%| F|  |TAMS 0x0000000081b00000, 0x0000000081b00000| Untracked 
|  10|0x0000000081c00000, 0x0000000081c00000, 0x0000000081d00000|  0%| F|  |TAMS 0x0000000081c00000, 0x0000000081c00000| Untracked 
|  11|0x0000000081d00000, 0x0000000081d00000, 0x0000000081e00000|  0%| F|  |TAMS 0x0000000081d00000, 0x0000000081d00000| Untracked 
|  12|0x0000000081e00000, 0x0000000081e00000, 0x0000000081f00000|  0%| F|  |TAMS 0x0000000081e00000, 0x0000000081e00000| Untracked 
|  13|0x0000000081f00000, 0x0000000081f00000, 0x0000000082000000|  0%| F|  |TAMS 0x0000000081f00000, 0x0000000081f00000| Untracked 
|  14|0x0000000082000000, 0x0000000082000000, 0x0000000082100000|  0%| F|  |TAMS 0x0000000082000000, 0x0000000082000000| Untracked 
|  15|0x0000000082100000, 0x0000000082100000, 0x0000000082200000|  0%| F|  |TAMS 0x0000000082100000, 0x0000000082100000| Untracked 
|  16|0x0000000082200000, 0x0000000082200000, 0x0000000082300000|  0%| F|  |TAMS 0x0000000082200000, 0x0000000082200000| Untracked 
|  17|0x0000000082300000, 0x0000000082300000, 0x0000000082400000|  0%| F|  |TAMS 0x0000000082300000, 0x0000000082300000| Untracked 
|  18|0x0000000082400000, 0x0000000082400000, 0x0000000082500000|  0%| F|  |TAMS 0x0000000082400000, 0x0000000082400000| Untracked 
|  19|0x0000000082500000, 0x0000000082500000, 0x0000000082600000|  0%| F|  |TAMS 0x0000000082500000, 0x0000000082500000| Untracked 
|  20|0x0000000082600000, 0x0000000082600000, 0x0000000082700000|  0%| F|  |TAMS 0x0000000082600000, 0x0000000082600000| Untracked 
|  21|0x0000000082700000, 0x0000000082700000, 0x0000000082800000|  0%| F|  |TAMS 0x0000000082700000, 0x0000000082700000| Untracked 
|  22|0x0000000082800000, 0x0000000082800000, 0x0000000082900000|  0%| F|  |TAMS 0x0000000082800000, 0x0000000082800000| Untracked 
|  23|0x0000000082900000, 0x0000000082900000, 0x0000000082a00000|  0%| F|  |TAMS 0x0000000082900000, 0x0000000082900000| Untracked 
|  24|0x0000000082a00000, 0x0000000082a00000, 0x0000000082b00000|  0%| F|  |TAMS 0x0000000082a00000, 0x0000000082a00000| Untracked 
|  25|0x0000000082b00000, 0x0000000082b00000, 0x0000000082c00000|  0%| F|  |TAMS 0x0000000082b00000, 0x0000000082b00000| Untracked 
|  26|0x0000000082c00000, 0x0000000082c00000, 0x0000000082d00000|  0%| F|  |TAMS 0x0000000082c00000, 0x0000000082c00000| Untracked 
|  27|0x0000000082d00000, 0x0000000082d00000, 0x0000000082e00000|  0%| F|  |TAMS 0x0000000082d00000, 0x0000000082d00000| Untracked 
|  28|0x0000000082e00000, 0x0000000082e00000, 0x0000000082f00000|  0%| F|  |TAMS 0x0000000082e00000, 0x0000000082e00000| Untracked 
|  29|0x0000000082f00000, 0x0000000082f00000, 0x0000000083000000|  0%| F|  |TAMS 0x0000000082f00000, 0x0000000082f00000| Untracked 
|  30|0x0000000083000000, 0x0000000083000000, 0x0000000083100000|  0%| F|  |TAMS 0x0000000083000000, 0x0000000083000000| Untracked 
|  31|0x0000000083100000, 0x0000000083100000, 0x0000000083200000|  0%| F|  |TAMS 0x0000000083100000, 0x0000000083100000| Untracked 
|  32|0x0000000083200000, 0x0000000083200000, 0x0000000083300000|  0%| F|  |TAMS 0x0000000083200000, 0x0000000083200000| Untracked 
|  33|0x0000000083300000, 0x0000000083300000, 0x0000000083400000|  0%| F|  |TAMS 0x0000000083300000, 0x0000000083300000| Untracked 
|  34|0x0000000083400000, 0x0000000083400000, 0x0000000083500000|  0%| F|  |TAMS 0x0000000083400000, 0x0000000083400000| Untracked 
|  35|0x0000000083500000, 0x0000000083500000, 0x0000000083600000|  0%| F|  |TAMS 0x0000000083500000, 0x0000000083500000| Untracked 
|  36|0x0000000083600000, 0x0000000083600000, 0x0000000083700000|  0%| F|  |TAMS 0x0000000083600000, 0x0000000083600000| Untracked 
|  37|0x0000000083700000, 0x0000000083700000, 0x0000000083800000|  0%| F|  |TAMS 0x0000000083700000, 0x0000000083700000| Untracked 
|  38|0x0000000083800000, 0x0000000083800000, 0x0000000083900000|  0%| F|  |TAMS 0x0000000083800000, 0x0000000083800000| Untracked 
|  39|0x0000000083900000, 0x0000000083900000, 0x0000000083a00000|  0%| F|  |TAMS 0x0000000083900000, 0x0000000083900000| Untracked 
|  40|0x0000000083a00000, 0x0000000083a00000, 0x0000000083b00000|  0%| F|  |TAMS 0x0000000083a00000, 0x0000000083a00000| Untracked 
|  41|0x0000000083b00000, 0x0000000083b00000, 0x0000000083c00000|  0%| F|  |TAMS 0x0000000083b00000, 0x0000000083b00000| Untracked 
|  42|0x0000000083c00000, 0x0000000083c00000, 0x0000000083d00000|  0%| F|  |TAMS 0x0000000083c00000, 0x0000000083c00000| Untracked 
|  43|0x0000000083d00000, 0x0000000083d00000, 0x0000000083e00000|  0%| F|  |TAMS 0x0000000083d00000, 0x0000000083d00000| Untracked 
|  44|0x0000000083e00000, 0x0000000083e00000, 0x0000000083f00000|  0%| F|  |TAMS 0x0000000083e00000, 0x0000000083e00000| Untracked 
|  45|0x0000000083f00000, 0x0000000083f00000, 0x0000000084000000|  0%| F|  |TAMS 0x0000000083f00000, 0x0000000083f00000| Untracked 
|  46|0x0000000084000000, 0x0000000084000000, 0x0000000084100000|  0%| F|  |TAMS 0x0000000084000000, 0x0000000084000000| Untracked 
|  47|0x0000000084100000, 0x0000000084100000, 0x0000000084200000|  0%| F|  |TAMS 0x0000000084100000, 0x0000000084100000| Untracked 
|  48|0x0000000084200000, 0x0000000084200000, 0x0000000084300000|  0%| F|  |TAMS 0x0000000084200000, 0x0000000084200000| Untracked 
|  49|0x0000000084300000, 0x0000000084300000, 0x0000000084400000|  0%| F|  |TAMS 0x0000000084300000, 0x0000000084300000| Untracked 
|  50|0x0000000084400000, 0x0000000084400000, 0x0000000084500000|  0%| F|  |TAMS 0x0000000084400000, 0x0000000084400000| Untracked 
|  51|0x0000000084500000, 0x0000000084500000, 0x0000000084600000|  0%| F|  |TAMS 0x0000000084500000, 0x0000000084500000| Untracked 
|  52|0x0000000084600000, 0x0000000084600000, 0x0000000084700000|  0%| F|  |TAMS 0x0000000084600000, 0x0000000084600000| Untracked 
|  53|0x0000000084700000, 0x0000000084700000, 0x0000000084800000|  0%| F|  |TAMS 0x0000000084700000, 0x0000000084700000| Untracked 
|  54|0x0000000084800000, 0x0000000084800000, 0x0000000084900000|  0%| F|  |TAMS 0x0000000084800000, 0x0000000084800000| Untracked 
|  55|0x0000000084900000, 0x0000000084900000, 0x0000000084a00000|  0%| F|  |TAMS 0x0000000084900000, 0x0000000084900000| Untracked 
|  56|0x0000000084a00000, 0x0000000084a00000, 0x0000000084b00000|  0%| F|  |TAMS 0x0000000084a00000, 0x0000000084a00000| Untracked 
|  57|0x0000000084b00000, 0x0000000084b00000, 0x0000000084c00000|  0%| F|  |TAMS 0x0000000084b00000, 0x0000000084b00000| Untracked 
|  58|0x0000000084c00000, 0x0000000084c00000, 0x0000000084d00000|  0%| F|  |TAMS 0x0000000084c00000, 0x0000000084c00000| Untracked 
|  59|0x0000000084d00000, 0x0000000084d00000, 0x0000000084e00000|  0%| F|  |TAMS 0x0000000084d00000, 0x0000000084d00000| Untracked 
|  60|0x0000000084e00000, 0x0000000084e00000, 0x0000000084f00000|  0%| F|  |TAMS 0x0000000084e00000, 0x0000000084e00000| Untracked 
|  61|0x0000000084f00000, 0x0000000084f00000, 0x0000000085000000|  0%| F|  |TAMS 0x0000000084f00000, 0x0000000084f00000| Untracked 
|  62|0x0000000085000000, 0x0000000085000000, 0x0000000085100000|  0%| F|  |TAMS 0x0000000085000000, 0x0000000085000000| Untracked 
|  63|0x0000000085100000, 0x0000000085100000, 0x0000000085200000|  0%| F|  |TAMS 0x0000000085100000, 0x0000000085100000| Untracked 
|  64|0x0000000085200000, 0x0000000085200000, 0x0000000085300000|  0%| F|  |TAMS 0x0000000085200000, 0x0000000085200000| Untracked 
|  65|0x0000000085300000, 0x0000000085300000, 0x0000000085400000|  0%| F|  |TAMS 0x0000000085300000, 0x0000000085300000| Untracked 
|  66|0x0000000085400000, 0x0000000085400000, 0x0000000085500000|  0%| F|  |TAMS 0x0000000085400000, 0x0000000085400000| Untracked 
|  67|0x0000000085500000, 0x0000000085500000, 0x0000000085600000|  0%| F|  |TAMS 0x0000000085500000, 0x0000000085500000| Untracked 
|  68|0x0000000085600000, 0x0000000085600000, 0x0000000085700000|  0%| F|  |TAMS 0x0000000085600000, 0x0000000085600000| Untracked 
|  69|0x0000000085700000, 0x0000000085700000, 0x0000000085800000|  0%| F|  |TAMS 0x0000000085700000, 0x0000000085700000| Untracked 
|  70|0x0000000085800000, 0x0000000085800000, 0x0000000085900000|  0%| F|  |TAMS 0x0000000085800000, 0x0000000085800000| Untracked 
|  71|0x0000000085900000, 0x0000000085900000, 0x0000000085a00000|  0%| F|  |TAMS 0x0000000085900000, 0x0000000085900000| Untracked 
|  72|0x0000000085a00000, 0x0000000085a00000, 0x0000000085b00000|  0%| F|  |TAMS 0x0000000085a00000, 0x0000000085a00000| Untracked 
|  73|0x0000000085b00000, 0x0000000085b00000, 0x0000000085c00000|  0%| F|  |TAMS 0x0000000085b00000, 0x0000000085b00000| Untracked 
|  74|0x0000000085c00000, 0x0000000085c00000, 0x0000000085d00000|  0%| F|  |TAMS 0x0000000085c00000, 0x0000000085c00000| Untracked 
|  75|0x0000000085d00000, 0x0000000085d00000, 0x0000000085e00000|  0%| F|  |TAMS 0x0000000085d00000, 0x0000000085d00000| Untracked 
|  76|0x0000000085e00000, 0x0000000085e00000, 0x0000000085f00000|  0%| F|  |TAMS 0x0000000085e00000, 0x0000000085e00000| Untracked 
|  77|0x0000000085f00000, 0x0000000085f00000, 0x0000000086000000|  0%| F|  |TAMS 0x0000000085f00000, 0x0000000085f00000| Untracked 
|  78|0x0000000086000000, 0x0000000086000000, 0x0000000086100000|  0%| F|  |TAMS 0x0000000086000000, 0x0000000086000000| Untracked 
|  79|0x0000000086100000, 0x0000000086100000, 0x0000000086200000|  0%| F|  |TAMS 0x0000000086100000, 0x0000000086100000| Untracked 
|  80|0x0000000086200000, 0x0000000086200000, 0x0000000086300000|  0%| F|  |TAMS 0x0000000086200000, 0x0000000086200000| Untracked 
|  81|0x0000000086300000, 0x0000000086300000, 0x0000000086400000|  0%| F|  |TAMS 0x0000000086300000, 0x0000000086300000| Untracked 
|  82|0x0000000086400000, 0x0000000086400000, 0x0000000086500000|  0%| F|  |TAMS 0x0000000086400000, 0x0000000086400000| Untracked 
|  83|0x0000000086500000, 0x0000000086500000, 0x0000000086600000|  0%| F|  |TAMS 0x0000000086500000, 0x0000000086500000| Untracked 
|  84|0x0000000086600000, 0x0000000086600000, 0x0000000086700000|  0%| F|  |TAMS 0x0000000086600000, 0x0000000086600000| Untracked 
|  85|0x0000000086700000, 0x0000000086700000, 0x0000000086800000|  0%| F|  |TAMS 0x0000000086700000, 0x0000000086700000| Untracked 
|  86|0x0000000086800000, 0x0000000086800000, 0x0000000086900000|  0%| F|  |TAMS 0x0000000086800000, 0x0000000086800000| Untracked 
|  87|0x0000000086900000, 0x0000000086900000, 0x0000000086a00000|  0%| F|  |TAMS 0x0000000086900000, 0x0000000086900000| Untracked 
|  88|0x0000000086a00000, 0x0000000086a00000, 0x0000000086b00000|  0%| F|  |TAMS 0x0000000086a00000, 0x0000000086a00000| Untracked 
|  89|0x0000000086b00000, 0x0000000086b00000, 0x0000000086c00000|  0%| F|  |TAMS 0x0000000086b00000, 0x0000000086b00000| Untracked 
|  90|0x0000000086c00000, 0x0000000086c00000, 0x0000000086d00000|  0%| F|  |TAMS 0x0000000086c00000, 0x0000000086c00000| Untracked 
|  91|0x0000000086d00000, 0x0000000086d00000, 0x0000000086e00000|  0%| F|  |TAMS 0x0000000086d00000, 0x0000000086d00000| Untracked 
|  92|0x0000000086e00000, 0x0000000086e00000, 0x0000000086f00000|  0%| F|  |TAMS 0x0000000086e00000, 0x0000000086e00000| Untracked 
|  93|0x0000000086f00000, 0x0000000086f00000, 0x0000000087000000|  0%| F|  |TAMS 0x0000000086f00000, 0x0000000086f00000| Untracked 
|  94|0x0000000087000000, 0x0000000087000000, 0x0000000087100000|  0%| F|  |TAMS 0x0000000087000000, 0x0000000087000000| Untracked 
|  95|0x0000000087100000, 0x0000000087100000, 0x0000000087200000|  0%| F|  |TAMS 0x0000000087100000, 0x0000000087100000| Untracked 
|  96|0x0000000087200000, 0x0000000087200000, 0x0000000087300000|  0%| F|  |TAMS 0x0000000087200000, 0x0000000087200000| Untracked 
|  97|0x0000000087300000, 0x0000000087300000, 0x0000000087400000|  0%| F|  |TAMS 0x0000000087300000, 0x0000000087300000| Untracked 
|  98|0x0000000087400000, 0x0000000087400000, 0x0000000087500000|  0%| F|  |TAMS 0x0000000087400000, 0x0000000087400000| Untracked 
|  99|0x0000000087500000, 0x0000000087567830, 0x0000000087600000| 40%| S|CS|TAMS 0x0000000087500000, 0x0000000087500000| Complete 
| 100|0x0000000087600000, 0x0000000087700000, 0x0000000087700000|100%| S|CS|TAMS 0x0000000087600000, 0x0000000087600000| Complete 
| 101|0x0000000087700000, 0x0000000087800000, 0x0000000087800000|100%| S|CS|TAMS 0x0000000087700000, 0x0000000087700000| Complete 
| 102|0x0000000087800000, 0x0000000087800000, 0x0000000087900000|  0%| F|  |TAMS 0x0000000087800000, 0x0000000087800000| Untracked 
| 103|0x0000000087900000, 0x0000000087900000, 0x0000000087a00000|  0%| F|  |TAMS 0x0000000087900000, 0x0000000087900000| Untracked 
| 104|0x0000000087a00000, 0x0000000087a00000, 0x0000000087b00000|  0%| F|  |TAMS 0x0000000087a00000, 0x0000000087a00000| Untracked 
| 105|0x0000000087b00000, 0x0000000087b00000, 0x0000000087c00000|  0%| F|  |TAMS 0x0000000087b00000, 0x0000000087b00000| Untracked 
| 106|0x0000000087c00000, 0x0000000087c00000, 0x0000000087d00000|  0%| F|  |TAMS 0x0000000087c00000, 0x0000000087c00000| Untracked 
| 107|0x0000000087d00000, 0x0000000087d00000, 0x0000000087e00000|  0%| F|  |TAMS 0x0000000087d00000, 0x0000000087d00000| Untracked 
| 108|0x0000000087e00000, 0x0000000087e00000, 0x0000000087f00000|  0%| F|  |TAMS 0x0000000087e00000, 0x0000000087e00000| Untracked 
| 109|0x0000000087f00000, 0x0000000087f00000, 0x0000000088000000|  0%| F|  |TAMS 0x0000000087f00000, 0x0000000087f00000| Untracked 
| 110|0x0000000088000000, 0x0000000088000000, 0x0000000088100000|  0%| F|  |TAMS 0x0000000088000000, 0x0000000088000000| Untracked 
| 111|0x0000000088100000, 0x0000000088100000, 0x0000000088200000|  0%| F|  |TAMS 0x0000000088100000, 0x0000000088100000| Untracked 
| 112|0x0000000088200000, 0x0000000088200000, 0x0000000088300000|  0%| F|  |TAMS 0x0000000088200000, 0x0000000088200000| Untracked 
| 113|0x0000000088300000, 0x0000000088300000, 0x0000000088400000|  0%| F|  |TAMS 0x0000000088300000, 0x0000000088300000| Untracked 
| 114|0x0000000088400000, 0x0000000088400000, 0x0000000088500000|  0%| F|  |TAMS 0x0000000088400000, 0x0000000088400000| Untracked 
| 115|0x0000000088500000, 0x0000000088500000, 0x0000000088600000|  0%| F|  |TAMS 0x0000000088500000, 0x0000000088500000| Untracked 
| 116|0x0000000088600000, 0x0000000088600000, 0x0000000088700000|  0%| F|  |TAMS 0x0000000088600000, 0x0000000088600000| Untracked 
| 117|0x0000000088700000, 0x0000000088700000, 0x0000000088800000|  0%| F|  |TAMS 0x0000000088700000, 0x0000000088700000| Untracked 
| 118|0x0000000088800000, 0x0000000088800000, 0x0000000088900000|  0%| F|  |TAMS 0x0000000088800000, 0x0000000088800000| Untracked 
| 119|0x0000000088900000, 0x0000000088900000, 0x0000000088a00000|  0%| F|  |TAMS 0x0000000088900000, 0x0000000088900000| Untracked 
| 120|0x0000000088a00000, 0x0000000088a00000, 0x0000000088b00000|  0%| F|  |TAMS 0x0000000088a00000, 0x0000000088a00000| Untracked 
| 121|0x0000000088b00000, 0x0000000088bb2740, 0x0000000088c00000| 69%| E|  |TAMS 0x0000000088b00000, 0x0000000088b00000| Complete 
| 122|0x0000000088c00000, 0x0000000088d00000, 0x0000000088d00000|100%| E|CS|TAMS 0x0000000088c00000, 0x0000000088c00000| Complete 
| 123|0x0000000088d00000, 0x0000000088e00000, 0x0000000088e00000|100%| E|CS|TAMS 0x0000000088d00000, 0x0000000088d00000| Complete 
| 124|0x0000000088e00000, 0x0000000088f00000, 0x0000000088f00000|100%| E|CS|TAMS 0x0000000088e00000, 0x0000000088e00000| Complete 
| 125|0x0000000088f00000, 0x0000000089000000, 0x0000000089000000|100%| E|CS|TAMS 0x0000000088f00000, 0x0000000088f00000| Complete 
| 126|0x0000000089000000, 0x0000000089100000, 0x0000000089100000|100%| E|CS|TAMS 0x0000000089000000, 0x0000000089000000| Complete 
| 127|0x0000000089100000, 0x0000000089200000, 0x0000000089200000|100%| E|CS|TAMS 0x0000000089100000, 0x0000000089100000| Complete 

Card table byte_map: [0x000002ad8f000000,0x000002ad8f400000] _byte_map_base: 0x000002ad8ebf7000

Marking Bits (Prev, Next): (CMBitMap*) 0x000002adf6955140, (CMBitMap*) 0x000002adf6955180
 Prev Bits: [0x000002ad8f800000, 0x000002ad917b8000)
 Next Bits: [0x000002ad917c0000, 0x000002ad93778000)

Polling page: 0x000002adf48c0000

Metaspace:

Usage:
  Non-class:     11.66 MB used.
      Class:      1.59 MB used.
       Both:     13.26 MB used.

Virtual space:
  Non-class space:       64.00 MB reserved,      11.75 MB ( 18%) committed,  1 nodes.
      Class space:        1.00 GB reserved,       1.69 MB ( <1%) committed,  1 nodes.
             Both:        1.06 GB reserved,      13.44 MB (  1%) committed. 

Chunk freelists:
   Non-Class:  4.05 MB
       Class:  14.23 MB
        Both:  18.28 MB

MaxMetaspaceSize: unlimited
CompressedClassSpaceSize: 1.00 GB
Initial GC threshold: 21.00 MB
Current GC threshold: 21.00 MB
CDS: on
MetaspaceReclaimPolicy: balanced
 - commit_granule_bytes: 65536.
 - commit_granule_words: 8192.
 - virtual_space_node_default_size: 8388608.
 - enlarge_chunks_in_place: 1.
 - new_chunks_are_fully_committed: 0.
 - uncommit_free_chunks: 1.
 - use_allocation_guard: 0.
 - handle_deallocations: 1.


Internal statistics:

num_allocs_failed_limit: 0.
num_arena_births: 182.
num_arena_deaths: 0.
num_vsnodes_births: 2.
num_vsnodes_deaths: 0.
num_space_committed: 215.
num_space_uncommitted: 0.
num_chunks_returned_to_freelist: 0.
num_chunks_taken_from_freelist: 605.
num_chunk_merges: 0.
num_chunk_splits: 416.
num_chunks_enlarged: 330.
num_inconsistent_stats: 0.

CodeHeap 'non-profiled nmethods': size=120000Kb used=645Kb max_used=645Kb free=119354Kb
 bounds [0x000002ad87ad0000, 0x000002ad87d40000, 0x000002ad8f000000]
CodeHeap 'profiled nmethods': size=120000Kb used=3155Kb max_used=3155Kb free=116844Kb
 bounds [0x000002ad80000000, 0x000002ad80320000, 0x000002ad87530000]
CodeHeap 'non-nmethods': size=5760Kb used=1194Kb max_used=1214Kb free=4566Kb
 bounds [0x000002ad87530000, 0x000002ad877a0000, 0x000002ad87ad0000]
 total_blobs=2232 nmethods=1742 adapters=402
 compilation: enabled
              stopped_count=0, restarted_count=0
 full_count=0

Compilation events (20 events):
Event: 5.220 Thread 0x000002ad95c62f70 nmethod 1734 0x000002ad8030dd10 code [0x000002ad8030dec0, 0x000002ad8030e048]
Event: 5.223 Thread 0x000002ad95c62f70 1736       3       jdk.internal.loader.AbstractClassLoaderValue::extractValue (17 bytes)
Event: 5.223 Thread 0x000002ad95c62f70 nmethod 1736 0x000002ad8030e110 code [0x000002ad8030e2c0, 0x000002ad8030e668]
Event: 5.223 Thread 0x000002ad95c62f70 1735   !   3       java.lang.Class::getEnumConstantsShared (71 bytes)
Event: 5.224 Thread 0x000002ad95c62f70 nmethod 1735 0x000002ad8030e790 code [0x000002ad8030eac0, 0x000002ad8030fed8]
Event: 5.224 Thread 0x000002ad95c62f70 1737       3       java.util.concurrent.locks.ReentrantLock$NonfairSync::initialTryLock (58 bytes)
Event: 5.225 Thread 0x000002ad95c62f70 nmethod 1737 0x000002ad80310710 code [0x000002ad803108e0, 0x000002ad80310cf8]
Event: 5.225 Thread 0x000002ad95c62f70 1738       3       sun.reflect.generics.parser.SignatureParser::parseFieldTypeSignature (6 bytes)
Event: 5.225 Thread 0x000002ad95c62f70 nmethod 1738 0x000002ad80310e10 code [0x000002ad80310fa0, 0x000002ad803110e8]
Event: 5.225 Thread 0x000002ad95c62f70 1739       3       sun.reflect.generics.parser.SignatureParser::parseFieldTypeSignature (73 bytes)
Event: 5.225 Thread 0x000002ad95c62f70 nmethod 1739 0x000002ad80311190 code [0x000002ad803113e0, 0x000002ad80311a88]
Event: 5.227 Thread 0x000002ad95c62f70 1741       3       java.lang.System$2::getEnumConstantsShared (8 bytes)
Event: 5.227 Thread 0x000002ad95c57850 1740       4       sun.reflect.generics.parser.SignatureParser::skipIdentifier (67 bytes)
Event: 5.227 Thread 0x000002ad95c62f70 nmethod 1741 0x000002ad80311d10 code [0x000002ad80311ec0, 0x000002ad80312108]
Event: 5.232 Thread 0x000002ad95c57850 nmethod 1740 0x000002ad87b70c90 code [0x000002ad87b70e40, 0x000002ad87b71198]
Event: 5.240 Thread 0x000002ad95c62f70 1742       3       java.lang.Short::<init> (10 bytes)
Event: 5.240 Thread 0x000002ad95c62f70 nmethod 1742 0x000002ad80312210 code [0x000002ad803123c0, 0x000002ad80312598]
Event: 5.257 Thread 0x000002ad95c62f70 1743   !   3       java.util.concurrent.ConcurrentHashMap::putVal (432 bytes)
Event: 5.259 Thread 0x000002ad95c62f70 nmethod 1743 0x000002ad80312690 code [0x000002ad80312a00, 0x000002ad803145a8]
Event: 5.268 Thread 0x000002ad95c57850 1744   !   4       java.util.concurrent.ConcurrentHashMap::transfer (849 bytes)

GC Heap History (4 events):
Event: 2.683 GC heap before
{Heap before GC invocations=0 (full 0):
 garbage-first heap   total 131072K, used 22528K [0x0000000081200000, 0x0000000100000000)
  region size 1024K, 21 young (21504K), 0 survivors (0K)
 Metaspace       used 5956K, committed 6208K, reserved 1114112K
  class space    used 693K, committed 832K, reserved 1048576K
}
Event: 2.690 GC heap after
{Heap after GC invocations=1 (full 0):
 garbage-first heap   total 131072K, used 6998K [0x0000000081200000, 0x0000000100000000)
  region size 1024K, 3 young (3072K), 3 survivors (3072K)
 Metaspace       used 5956K, committed 6208K, reserved 1114112K
  class space    used 693K, committed 832K, reserved 1048576K
}
Event: 5.145 GC heap before
{Heap before GC invocations=1 (full 0):
 garbage-first heap   total 131072K, used 29526K [0x0000000081200000, 0x0000000100000000)
  region size 1024K, 26 young (26624K), 3 survivors (3072K)
 Metaspace       used 11829K, committed 11968K, reserved 1114112K
  class space    used 1405K, committed 1472K, reserved 1048576K
}
Event: 5.150 GC heap after
{Heap after GC invocations=2 (full 0):
 garbage-first heap   total 131072K, used 9475K [0x0000000081200000, 0x0000000100000000)
  region size 1024K, 3 young (3072K), 3 survivors (3072K)
 Metaspace       used 11829K, committed 11968K, reserved 1114112K
  class space    used 1405K, committed 1472K, reserved 1048576K
}

Dll operation events (10 events):
Event: 0.027 Loaded shared library C:\Program Files\OpenLogic\jdk-17.0.10.7-hotspot\bin\java.dll
Event: 0.048 Loaded shared library C:\Program Files\OpenLogic\jdk-17.0.10.7-hotspot\bin\jsvml.dll
Event: 0.127 Loaded shared library C:\Program Files\OpenLogic\jdk-17.0.10.7-hotspot\bin\zip.dll
Event: 0.131 Loaded shared library C:\Program Files\OpenLogic\jdk-17.0.10.7-hotspot\bin\instrument.dll
Event: 0.150 Loaded shared library C:\Program Files\OpenLogic\jdk-17.0.10.7-hotspot\bin\net.dll
Event: 0.152 Loaded shared library C:\Program Files\OpenLogic\jdk-17.0.10.7-hotspot\bin\nio.dll
Event: 0.156 Loaded shared library C:\Program Files\OpenLogic\jdk-17.0.10.7-hotspot\bin\zip.dll
Event: 0.348 Loaded shared library C:\Program Files\JetBrains\IntelliJ IDEA Community Edition 2023.3.3\bin\breakgen64.dll
Event: 0.362 Loaded shared library C:\Program Files\OpenLogic\jdk-17.0.10.7-hotspot\bin\extnet.dll
Event: 0.408 Loaded shared library C:\Program Files\OpenLogic\jdk-17.0.10.7-hotspot\bin\jimage.dll

Deoptimization events (20 events):
Event: 5.116 Thread 0x000002addbddd570 DEOPT PACKING pc=0x000002ad87ae6adc sp=0x000000b0f50fdb30
Event: 5.116 Thread 0x000002addbddd570 DEOPT UNPACKING pc=0x000002ad875869a3 sp=0x000000b0f50fdac0 mode 2
Event: 5.117 Thread 0x000002addbddd570 Uncommon trap: trap_request=0xffffff45 fr.pc=0x000002ad87b24948 relative=0x0000000000000048
Event: 5.117 Thread 0x000002addbddd570 Uncommon trap: reason=unstable_if action=reinterpret pc=0x000002ad87b24948 method=java.lang.CharacterData.of(I)Ljava/lang/CharacterData; @ 4 c2
Event: 5.117 Thread 0x000002addbddd570 DEOPT PACKING pc=0x000002ad87b24948 sp=0x000000b0f50fd300
Event: 5.117 Thread 0x000002addbddd570 DEOPT UNPACKING pc=0x000002ad875869a3 sp=0x000000b0f50fd298 mode 2
Event: 5.129 Thread 0x000002adf68fbdc0 Uncommon trap: trap_request=0xffffff45 fr.pc=0x000002ad87b34794 relative=0x00000000000002f4
Event: 5.129 Thread 0x000002adf68fbdc0 Uncommon trap: reason=unstable_if action=reinterpret pc=0x000002ad87b34794 method=jdk.internal.org.objectweb.asm.SymbolTable.put(Ljdk/internal/org/objectweb/asm/SymbolTable$Entry;)Ljdk/internal/org/objectweb/asm/SymbolTable$Entry; @ 13 c2
Event: 5.129 Thread 0x000002adf68fbdc0 DEOPT PACKING pc=0x000002ad87b34794 sp=0x000000b0f36fd840
Event: 5.129 Thread 0x000002adf68fbdc0 DEOPT UNPACKING pc=0x000002ad875869a3 sp=0x000000b0f36fd7c0 mode 2
Event: 5.142 Thread 0x000002adf68fbdc0 DEOPT PACKING pc=0x000002ad802bd808 sp=0x000000b0f36fcda0
Event: 5.142 Thread 0x000002adf68fbdc0 DEOPT UNPACKING pc=0x000002ad87587143 sp=0x000000b0f36fc2a8 mode 0
Event: 5.207 Thread 0x000002addbddd570 DEOPT PACKING pc=0x000002ad802bd808 sp=0x000000b0f50fc310
Event: 5.207 Thread 0x000002addbddd570 DEOPT UNPACKING pc=0x000002ad87587143 sp=0x000000b0f50fb818 mode 0
Event: 5.235 Thread 0x000002adf68fbdc0 Uncommon trap: trap_request=0xffffff45 fr.pc=0x000002ad87b36ecc relative=0x000000000000112c
Event: 5.235 Thread 0x000002adf68fbdc0 Uncommon trap: reason=unstable_if action=reinterpret pc=0x000002ad87b36ecc method=java.util.concurrent.ConcurrentHashMap.putVal(Ljava/lang/Object;Ljava/lang/Object;Z)Ljava/lang/Object; @ 231 c2
Event: 5.235 Thread 0x000002adf68fbdc0 DEOPT PACKING pc=0x000002ad87b36ecc sp=0x000000b0f36feef0
Event: 5.235 Thread 0x000002adf68fbdc0 DEOPT UNPACKING pc=0x000002ad875869a3 sp=0x000000b0f36fee60 mode 2
Event: 5.270 Thread 0x000002adf68fbdc0 DEOPT PACKING pc=0x000002ad802bd808 sp=0x000000b0f36fdbf0
Event: 5.270 Thread 0x000002adf68fbdc0 DEOPT UNPACKING pc=0x000002ad87587143 sp=0x000000b0f36fd0f8 mode 0

Classes unloaded (0 events):
No events

Classes redefined (0 events):
No events

Internal exceptions (20 events):
Event: 4.806 Thread 0x000002adf68fbdc0 Exception <a 'java/lang/NoSuchMethodError'{0x0000000088e25e78}: 'java.lang.Object java.lang.invoke.DirectMethodHandle$Holder.newInvokeSpecial(java.lang.Object, java.lang.Object, java.lang.Object, java.lang.Object, java.lang.Object, java.lang.Object, int)'> (0x0000000088e25e78) 
thrown [s\src\hotspot\share\interpreter\linkResolver.cpp, line 759]
Event: 4.806 Thread 0x000002adf68fbdc0 Exception <a 'java/lang/NoSuchMethodError'{0x0000000088e2aeb8}: 'java.lang.Object java.lang.invoke.DirectMethodHandle$Holder.invokeSpecial(java.lang.Object, java.lang.Object, java.lang.Object, java.lang.Object, java.lang.Object, java.lang.Object, java.lang.Object, int)'> (0x0000000088e2aeb8) 
thrown [s\src\hotspot\share\interpreter\linkResolver.cpp, line 759]
Event: 4.839 Thread 0x000002adf68fbdc0 Exception <a 'java/lang/NoSuchMethodError'{0x0000000088d58b90}: 'int java.lang.invoke.DirectMethodHandle$Holder.invokeInterface(java.lang.Object, java.lang.Object)'> (0x0000000088d58b90) 
thrown [s\src\hotspot\share\interpreter\linkResolver.cpp, line 759]
Event: 4.871 Thread 0x000002adf68fbdc0 Exception <a 'java/lang/NoSuchMethodError'{0x0000000088c596f8}: 'java.lang.Object java.lang.invoke.DirectMethodHandle$Holder.invokeSpecial(java.lang.Object, java.lang.Object, java.lang.Object, int, java.lang.Object)'> (0x0000000088c596f8) 
thrown [s\src\hotspot\share\interpreter\linkResolver.cpp, line 759]
Event: 4.872 Thread 0x000002adf68fbdc0 Exception <a 'java/lang/NoSuchMethodError'{0x0000000088c61d58}: 'java.lang.Object java.lang.invoke.DirectMethodHandle$Holder.newInvokeSpecial(java.lang.Object, java.lang.Object, java.lang.Object, int, java.lang.Object)'> (0x0000000088c61d58) 
thrown [s\src\hotspot\share\interpreter\linkResolver.cpp, line 759]
Event: 4.873 Thread 0x000002adf68fbdc0 Exception <a 'java/lang/NoSuchMethodError'{0x0000000088c69728}: 'java.lang.Object java.lang.invoke.Invokers$Holder.linkToTargetMethod(java.lang.Object, java.lang.Object, int, java.lang.Object, java.lang.Object)'> (0x0000000088c69728) 
thrown [s\src\hotspot\share\interpreter\linkResolver.cpp, line 759]
Event: 4.874 Thread 0x000002adf68fbdc0 Exception <a 'java/lang/NoSuchMethodError'{0x0000000088c787d0}: 'java.lang.Object java.lang.invoke.DirectMethodHandle$Holder.newInvokeSpecial(java.lang.Object, int, java.lang.Object)'> (0x0000000088c787d0) 
thrown [s\src\hotspot\share\interpreter\linkResolver.cpp, line 759]
Event: 4.875 Thread 0x000002adf68fbdc0 Exception <a 'java/lang/NoSuchMethodError'{0x0000000088c7d4b0}: 'int java.lang.invoke.DirectMethodHandle$Holder.invokeSpecialIFC(java.lang.Object, java.lang.Object, java.lang.Object, java.lang.Object)'> (0x0000000088c7d4b0) 
thrown [s\src\hotspot\share\interpreter\linkResolver.cpp, line 759]
Event: 4.895 Thread 0x000002adf68fbdc0 Exception <a 'java/lang/NoSuchMethodError'{0x0000000088b56fe8}: 'void java.lang.invoke.DirectMethodHandle$Holder.invokeInterface(java.lang.Object, java.lang.Object, java.lang.Object)'> (0x0000000088b56fe8) 
thrown [s\src\hotspot\share\interpreter\linkResolver.cpp, line 759]
Event: 4.913 Thread 0x000002adf68fbdc0 Exception <a 'java/lang/NoSuchMethodError'{0x0000000088bdb4b8}: 'void java.lang.invoke.DirectMethodHandle$Holder.invokeStaticInit(java.lang.Object, java.lang.Object, java.lang.Object)'> (0x0000000088bdb4b8) 
thrown [s\src\hotspot\share\interpreter\linkResolver.cpp, line 759]
Event: 4.918 Thread 0x000002adf68fbdc0 Exception <a 'java/lang/NoSuchMethodError'{0x0000000088a29438}: 'java.lang.Object java.lang.invoke.DirectMethodHandle$Holder.invokeStatic(java.lang.Object, java.lang.Object, long, java.lang.Object)'> (0x0000000088a29438) 
thrown [s\src\hotspot\share\interpreter\linkResolver.cpp, line 759]
Event: 4.919 Thread 0x000002adf68fbdc0 Exception <a 'java/lang/NoSuchMethodError'{0x0000000088a2ced0}: 'java.lang.Object java.lang.invoke.DirectMethodHandle$Holder.invokeStaticInit(java.lang.Object, java.lang.Object, long, java.lang.Object)'> (0x0000000088a2ced0) 
thrown [s\src\hotspot\share\interpreter\linkResolver.cpp, line 759]
Event: 4.919 Thread 0x000002adf68fbdc0 Exception <a 'java/lang/NoSuchMethodError'{0x0000000088a33610}: 'java.lang.Object java.lang.invoke.DirectMethodHandle$Holder.newInvokeSpecial(java.lang.Object, java.lang.Object, long)'> (0x0000000088a33610) 
thrown [s\src\hotspot\share\interpreter\linkResolver.cpp, line 759]
Event: 4.919 Thread 0x000002adf68fbdc0 Exception <a 'java/lang/NoSuchMethodError'{0x0000000088a37180}: 'java.lang.Object java.lang.invoke.Invokers$Holder.linkToTargetMethod(java.lang.Object, long, java.lang.Object)'> (0x0000000088a37180) 
thrown [s\src\hotspot\share\interpreter\linkResolver.cpp, line 759]
Event: 4.932 Thread 0x000002adf68fbdc0 Exception <a 'java/lang/NoSuchMethodError'{0x0000000088a851a0}: 'void java.lang.invoke.DirectMethodHandle$Holder.invokeSpecial(java.lang.Object, java.lang.Object, java.lang.Object, java.lang.Object, java.lang.Object)'> (0x0000000088a851a0) 
thrown [s\src\hotspot\share\interpreter\linkResolver.cpp, line 759]
Event: 4.933 Thread 0x000002adf68fbdc0 Exception <a 'java/lang/NoSuchMethodError'{0x0000000088bfeae8}: 'void java.lang.invoke.DirectMethodHandle$Holder.invokeVirtual(java.lang.Object, java.lang.Object, java.lang.Object, java.lang.Object)'> (0x0000000088bfeae8) 
thrown [s\src\hotspot\share\interpreter\linkResolver.cpp, line 759]
Event: 4.970 Thread 0x000002adf68fbdc0 Exception <a 'java/lang/NoSuchMethodError'{0x00000000889e2ed8}: 'void java.lang.invoke.DirectMethodHandle$Holder.invokeSpecial(java.lang.Object, java.lang.Object, java.lang.Object)'> (0x00000000889e2ed8) 
thrown [s\src\hotspot\share\interpreter\linkResolver.cpp, line 759]
Event: 4.976 Thread 0x000002adf68fbdc0 Exception <a 'java/lang/IncompatibleClassChangeError'{0x0000000088813b70}: Found class java.lang.Object, but interface was expected> (0x0000000088813b70) 
thrown [s\src\hotspot\share\interpreter\linkResolver.cpp, line 826]
Event: 4.979 Thread 0x000002addbddd570 Exception <a 'java/lang/NoClassDefFoundError'{0x000000008888e208}: jakarta/validation/Validation> (0x000000008888e208) 
thrown [s\src\hotspot\share\classfile\systemDictionary.cpp, line 245]
Event: 5.087 Thread 0x000002adf68fbdc0 Exception <a 'java/lang/NoSuchMethodError'{0x0000000087f5a860}: 'java.lang.Object java.lang.invoke.DirectMethodHandle$Holder.invokeStatic(java.lang.Object, int, java.lang.Object)'> (0x0000000087f5a860) 
thrown [s\src\hotspot\share\interpreter\linkResolver.cpp, line 759]

VM Operations (20 events):
Event: 0.859 Executing VM operation: HandshakeAllThreads
Event: 0.859 Executing VM operation: HandshakeAllThreads done
Event: 1.868 Executing VM operation: Cleanup
Event: 2.040 Executing VM operation: Cleanup done
Event: 2.682 Executing VM operation: G1CollectForAllocation
Event: 2.690 Executing VM operation: G1CollectForAllocation done
Event: 4.702 Executing VM operation: Cleanup
Event: 4.748 Executing VM operation: Cleanup done
Event: 4.852 Executing VM operation: HandshakeAllThreads
Event: 4.852 Executing VM operation: HandshakeAllThreads done
Event: 4.964 Executing VM operation: HandshakeAllThreads
Event: 4.964 Executing VM operation: HandshakeAllThreads done
Event: 4.968 Executing VM operation: HandshakeAllThreads
Event: 4.968 Executing VM operation: HandshakeAllThreads done
Event: 4.968 Executing VM operation: HandshakeAllThreads
Event: 4.968 Executing VM operation: HandshakeAllThreads done
Event: 5.118 Executing VM operation: HandshakeAllThreads
Event: 5.118 Executing VM operation: HandshakeAllThreads done
Event: 5.145 Executing VM operation: G1CollectForAllocation
Event: 5.150 Executing VM operation: G1CollectForAllocation done

Events (20 events):
Event: 5.116 loading class jdk/internal/reflect/Label
Event: 5.116 loading class jdk/internal/reflect/Label done
Event: 5.117 loading class jdk/internal/reflect/Label$PatchInfo
Event: 5.117 loading class jdk/internal/reflect/Label$PatchInfo done
Event: 5.117 loading class jdk/internal/reflect/MethodAccessorGenerator$1
Event: 5.117 loading class jdk/internal/reflect/MethodAccessorGenerator$1 done
Event: 5.117 loading class jdk/internal/reflect/ClassDefiner
Event: 5.117 loading class jdk/internal/reflect/ClassDefiner done
Event: 5.117 loading class jdk/internal/reflect/ClassDefiner$1
Event: 5.117 loading class jdk/internal/reflect/ClassDefiner$1 done
Event: 5.117 loading class jdk/internal/reflect/BootstrapConstructorAccessorImpl
Event: 5.117 loading class jdk/internal/reflect/BootstrapConstructorAccessorImpl done
Event: 5.123 loading class java/lang/annotation/Repeatable
Event: 5.123 loading class java/lang/annotation/Repeatable done
Event: 5.139 loading class java/io/CharArrayReader
Event: 5.140 loading class java/io/CharArrayReader done
Event: 5.239 loading class java/lang/Byte$ByteCache
Event: 5.239 loading class java/lang/Byte$ByteCache done
Event: 5.240 loading class java/lang/Short$ShortCache
Event: 5.240 loading class java/lang/Short$ShortCache done


Dynamic libraries:
0x00007ff7d1790000 - 0x00007ff7d179e000 	C:\Program Files\OpenLogic\jdk-17.0.10.7-hotspot\bin\java.exe
0x00007ff851fb0000 - 0x00007ff8521c6000 	C:\WINDOWS\SYSTEM32\ntdll.dll
0x00007ff8509f0000 - 0x00007ff850ab4000 	C:\WINDOWS\System32\KERNEL32.DLL
0x00007ff84f370000 - 0x00007ff84f717000 	C:\WINDOWS\System32\KERNELBASE.dll
0x00007ff84fbc0000 - 0x00007ff84fcd1000 	C:\WINDOWS\System32\ucrtbase.dll
0x00007ff840270000 - 0x00007ff840287000 	C:\Program Files\OpenLogic\jdk-17.0.10.7-hotspot\bin\jli.dll
0x00007ff851bb0000 - 0x00007ff851d5e000 	C:\WINDOWS\System32\USER32.dll
0x00007ff84f840000 - 0x00007ff84f866000 	C:\WINDOWS\System32\win32u.dll
0x00007ff84fce0000 - 0x00007ff84fd09000 	C:\WINDOWS\System32\GDI32.dll
0x00007ff84f720000 - 0x00007ff84f839000 	C:\WINDOWS\System32\gdi32full.dll
0x00007ff84f2d0000 - 0x00007ff84f36a000 	C:\WINDOWS\System32\msvcp_win.dll
0x00007ff82fa00000 - 0x00007ff82fc93000 	C:\WINDOWS\WinSxS\amd64_microsoft.windows.common-controls_6595b64144ccf1df_6.0.22621.3235_none_270f74e173860f98\COMCTL32.dll
0x00007ff850cb0000 - 0x00007ff850d57000 	C:\WINDOWS\System32\msvcrt.dll
0x00007ff840050000 - 0x00007ff84006b000 	C:\Program Files\OpenLogic\jdk-17.0.10.7-hotspot\bin\VCRUNTIME140.dll
0x00007ff850990000 - 0x00007ff8509c1000 	C:\WINDOWS\System32\IMM32.DLL
0x00007ff841f20000 - 0x00007ff841f2c000 	C:\Program Files\OpenLogic\jdk-17.0.10.7-hotspot\bin\vcruntime140_1.dll
0x00007ff837cf0000 - 0x00007ff837d7d000 	C:\Program Files\OpenLogic\jdk-17.0.10.7-hotspot\bin\msvcp140.dll
0x00007ffffa570000 - 0x00007ffffb1d2000 	C:\Program Files\OpenLogic\jdk-17.0.10.7-hotspot\bin\server\jvm.dll
0x00007ff850bf0000 - 0x00007ff850ca2000 	C:\WINDOWS\System32\ADVAPI32.dll
0x00007ff8500a0000 - 0x00007ff850148000 	C:\WINDOWS\System32\sechost.dll
0x00007ff84f960000 - 0x00007ff84f988000 	C:\WINDOWS\System32\bcrypt.dll
0x00007ff850870000 - 0x00007ff850985000 	C:\WINDOWS\System32\RPCRT4.dll
0x00007ff84e170000 - 0x00007ff84e1bd000 	C:\WINDOWS\SYSTEM32\POWRPROF.dll
0x00007ff840940000 - 0x00007ff840949000 	C:\WINDOWS\SYSTEM32\WSOCK32.dll
0x00007ff851b30000 - 0x00007ff851ba1000 	C:\WINDOWS\System32\WS2_32.dll
0x00007ff847ab0000 - 0x00007ff847ae4000 	C:\WINDOWS\SYSTEM32\WINMM.dll
0x00007ff846ba0000 - 0x00007ff846baa000 	C:\WINDOWS\SYSTEM32\VERSION.dll
0x00007ff84e150000 - 0x00007ff84e163000 	C:\WINDOWS\SYSTEM32\UMPDC.dll
0x00007ff84e3a0000 - 0x00007ff84e3b8000 	C:\WINDOWS\SYSTEM32\kernel.appcore.dll
0x00007ff840360000 - 0x00007ff84036a000 	C:\Program Files\OpenLogic\jdk-17.0.10.7-hotspot\bin\jimage.dll
0x00007ff838550000 - 0x00007ff838783000 	C:\WINDOWS\SYSTEM32\DBGHELP.DLL
0x00007ff850d60000 - 0x00007ff8510e8000 	C:\WINDOWS\System32\combase.dll
0x00007ff8505d0000 - 0x00007ff8506a7000 	C:\WINDOWS\System32\OLEAUT32.dll
0x00007ff838920000 - 0x00007ff838952000 	C:\WINDOWS\SYSTEM32\dbgcore.DLL
0x00007ff84f8e0000 - 0x00007ff84f959000 	C:\WINDOWS\System32\bcryptPrimitives.dll
0x00007ff8400a0000 - 0x00007ff8400ae000 	C:\Program Files\OpenLogic\jdk-17.0.10.7-hotspot\bin\instrument.dll
0x00007ff83f840000 - 0x00007ff83f865000 	C:\Program Files\OpenLogic\jdk-17.0.10.7-hotspot\bin\java.dll
0x00007ff80d820000 - 0x00007ff80d8f6000 	C:\Program Files\OpenLogic\jdk-17.0.10.7-hotspot\bin\jsvml.dll
0x00007ff8511f0000 - 0x00007ff851a4c000 	C:\WINDOWS\System32\SHELL32.dll
0x00007ff84d200000 - 0x00007ff84daf9000 	C:\WINDOWS\SYSTEM32\windows.storage.dll
0x00007ff84d0c0000 - 0x00007ff84d1fe000 	C:\WINDOWS\SYSTEM32\wintypes.dll
0x00007ff8510f0000 - 0x00007ff8511e3000 	C:\WINDOWS\System32\SHCORE.dll
0x00007ff84ff30000 - 0x00007ff84ff8e000 	C:\WINDOWS\System32\shlwapi.dll
0x00007ff84f200000 - 0x00007ff84f221000 	C:\WINDOWS\SYSTEM32\profapi.dll
0x00007ff83fda0000 - 0x00007ff83fdb8000 	C:\Program Files\OpenLogic\jdk-17.0.10.7-hotspot\bin\zip.dll
0x00007ff83ff30000 - 0x00007ff83ff49000 	C:\Program Files\OpenLogic\jdk-17.0.10.7-hotspot\bin\net.dll
0x00007ff847c00000 - 0x00007ff847d36000 	C:\WINDOWS\SYSTEM32\WINHTTP.dll
0x00007ff84e870000 - 0x00007ff84e8d9000 	C:\WINDOWS\system32\mswsock.dll
0x00007ff83fe00000 - 0x00007ff83fe16000 	C:\Program Files\OpenLogic\jdk-17.0.10.7-hotspot\bin\nio.dll
0x00007ff83f820000 - 0x00007ff83f83a000 	C:\Program Files\JetBrains\IntelliJ IDEA Community Edition 2023.3.3\bin\breakgen64.dll
0x00007ff840260000 - 0x00007ff840268000 	C:\Program Files\OpenLogic\jdk-17.0.10.7-hotspot\bin\extnet.dll

dbghelp: loaded successfully - version: 4.0.5 - missing functions: none
symbol engine: initialized successfully - sym options: 0x614 - pdb path: .;C:\Program Files\OpenLogic\jdk-17.0.10.7-hotspot\bin;C:\WINDOWS\SYSTEM32;C:\WINDOWS\WinSxS\amd64_microsoft.windows.common-controls_6595b64144ccf1df_6.0.22621.3235_none_270f74e173860f98;C:\Program Files\OpenLogic\jdk-17.0.10.7-hotspot\bin\server;C:\Program Files\JetBrains\IntelliJ IDEA Community Edition 2023.3.3\bin

VM Arguments:
jvm_args: -javaagent:C:\Program Files\JetBrains\IntelliJ IDEA Community Edition 2023.3.3\lib\idea_rt.jar=60535:C:\Program Files\JetBrains\IntelliJ IDEA Community Edition 2023.3.3\bin -Dfile.encoding=UTF-8 
java_command: german.springBoot.agencia.AgenciaApplication
java_class_path (initial): C:\Users\procy\Downloads\agencia\target\classes;C:\Users\procy\.m2\repository\org\springframework\boot\spring-boot-starter-data-jpa\3.2.5\spring-boot-starter-data-jpa-3.2.5.jar;C:\Users\procy\.m2\repository\org\springframework\boot\spring-boot-starter-aop\3.2.5\spring-boot-starter-aop-3.2.5.jar;C:\Users\procy\.m2\repository\org\aspectj\aspectjweaver\1.9.22\aspectjweaver-1.9.22.jar;C:\Users\procy\.m2\repository\org\springframework\boot\spring-boot-starter-jdbc\3.2.5\spring-boot-starter-jdbc-3.2.5.jar;C:\Users\procy\.m2\repository\com\zaxxer\HikariCP\5.0.1\HikariCP-5.0.1.jar;C:\Users\procy\.m2\repository\org\springframework\spring-jdbc\6.1.6\spring-jdbc-6.1.6.jar;C:\Users\procy\.m2\repository\org\hibernate\orm\hibernate-core\6.4.4.Final\hibernate-core-6.4.4.Final.jar;C:\Users\procy\.m2\repository\jakarta\persistence\jakarta.persistence-api\3.1.0\jakarta.persistence-api-3.1.0.jar;C:\Users\procy\.m2\repository\jakarta\transaction\jakarta.transaction-api\2.0.1\jakarta.transaction-api-2.0.1.jar;C:\Users\procy\.m2\repository\org\jboss\logging\jboss-logging\3.5.3.Final\jboss-logging-3.5.3.Final.jar;C:\Users\procy\.m2\repository\org\hibernate\common\hibernate-commons-annotations\6.0.6.Final\hibernate-commons-annotations-6.0.6.Final.jar;C:\Users\procy\.m2\repository\io\smallrye\jandex\3.1.2\jandex-3.1.2.jar;C:\Users\procy\.m2\repository\com\fasterxml\classmate\1.6.0\classmate-1.6.0.jar;C:\Users\procy\.m2\repository\net\bytebuddy\byte-buddy\1.14.13\byte-buddy-1.14.13.jar;C:\Users\procy\.m2\repository\org\glassfish\jaxb\jaxb-runtime\4.0.5\jaxb-runtime-4.0.5.jar;C:\Users\procy\.m2\repository\org\glassfish\jaxb\jaxb-core\4.0.5\jaxb-core-4.0.5.jar;C:\Users\procy\.m2\repository\org\eclipse\angus\angus-activation\2.0.2\angus-activation-2.0.2.jar;C:\Users\procy\.m2\repository\org\glassfish\jaxb\txw2\4.0.5\txw2-4.0.5.jar;C:\Users\procy\.m2\repository\com\sun\istack\istack-commons-runtime\4.1.2\istack-commons-runtime-4.1.2.jar;C:\Users\procy\.m2\repository\
Launcher Type: SUN_STANDARD

[Global flags]
     intx CICompilerCount                          = 3                                         {product} {ergonomic}
     uint ConcGCThreads                            = 2                                         {product} {ergonomic}
     uint G1ConcRefinementThreads                  = 6                                         {product} {ergonomic}
   size_t G1HeapRegionSize                         = 1048576                                   {product} {ergonomic}
    uintx GCDrainStackTargetSize                   = 64                                        {product} {ergonomic}
   size_t InitialHeapSize                          = 134217728                                 {product} {ergonomic}
   size_t MarkStackSize                            = 4194304                                   {product} {ergonomic}
   size_t MaxHeapSize                              = 2128609280                                {product} {ergonomic}
   size_t MaxNewSize                               = 1277165568                                {product} {ergonomic}
   size_t MinHeapDeltaBytes                        = 1048576                                   {product} {ergonomic}
   size_t MinHeapSize                              = 8388608                                   {product} {ergonomic}
    uintx NonNMethodCodeHeapSize                   = 5832780                                {pd product} {ergonomic}
    uintx NonProfiledCodeHeapSize                  = 122912730                              {pd product} {ergonomic}
    uintx ProfiledCodeHeapSize                     = 122912730                              {pd product} {ergonomic}
    uintx ReservedCodeCacheSize                    = 251658240                              {pd product} {ergonomic}
     bool SegmentedCodeCache                       = true                                      {product} {ergonomic}
   size_t SoftMaxHeapSize                          = 2128609280                             {manageable} {ergonomic}
     bool UseCompressedClassPointers               = true                           {product lp64_product} {ergonomic}
     bool UseCompressedOops                        = true                           {product lp64_product} {ergonomic}
     bool UseG1GC                                  = true                                      {product} {ergonomic}
     bool UseLargePagesIndividualAllocation        = false                                  {pd product} {ergonomic}

Logging:
Log output configuration:
 #0: stdout all=warning uptime,level,tags
 #1: stderr all=off uptime,level,tags

Environment Variables:
JAVA_HOME=C:\Program Files\OpenLogic\jre-17.0.10.7-hotspot\
PATH=C:\Program Files\Common Files\Oracle\Java\javapath;C:\Program Files\OpenLogic\jre-17.0.10.7-hotspot\bin;C:\Program Files\OpenLogic\jdk-17.0.10.7-hotspot\bin;C:\Program Files (x86)\Razer Chroma SDK\bin;C:\Program Files\Razer Chroma SDK\bin;C:\Program Files (x86)\Razer\ChromaBroadcast\bin;C:\Program Files\Razer\ChromaBroadcast\bin;C:\Program Files\Python39\Scripts\;C:\Program Files\Python39\;C:\Program Files (x86)\Common Files\Oracle\Java\javapath;C:\ProgramData\Oracle\Java\javapath;C:\Windows\system32;C:\Windows;C:\Windows\System32\Wbem;C:\Windows\System32\WindowsPowerShell\v1.0\;C:\Windows\System32\OpenSSH\;C:\Program Files\Microsoft SQL Server\130\Tools\Binn\;C:\wamp64\bin\php\php5.6.40;C:\ProgramData\ComposerSetup\bin;C:\ProgramData\chocolatey\bin;C:\Program Files\nodejs\;C:\Program Files\OpenJDK\openjdk-8u282-b08\bin;C:\Program Files\dotnet\;C:\Program Files\Microsoft SQL Server\Client SDK\ODBC\170\Tools\Binn\;C:\WINDOWS\system32;C:\WINDOWS;C:\WINDOWS\System32\Wbem;C:\WINDOWS\System32\WindowsPowerShell\v1.0\;C:\WINDOWS\System32\OpenSSH\;C:\Program Files (x86)\NVIDIA Corporation\PhysX\Common;C:\Program Files\NVIDIA Corporation\NVIDIA NvDLISR;C:\Program Files\MySQL\MySQL Shell 8.0\bin\;C:\Users\procy\AppData\Local\Microsoft\WindowsApps;C:\Users\procy\AppData\Local\Programs\Microsoft VS Code\bin;C:\Users\procy\AppData\Roaming\Composer\vendor\bin;C:\Users\procy\AppData\Roaming\npm;C:\Users\procy\AppData\Local\GitHubDesktop\bin;C:\Users\procy\.dotnet\tools;C:\MinGW\bin;C:\WINDOWS\system32\config\systemprofile\AppData\Local\Microsoft\WindowsApps;C:\WINDOWS\system32;C:\WINDOWS;C:\WINDOWS\System32\Wbem;C:\WINDOWS\System32\WindowsPowerShell\v1.0\;C:\WINDOWS\System32\OpenSSH\;C:\Program Files\Git\cmd;C:\Program Files\MySQL\MySQL Shell 8.0\bin\;C:\Users\procy\AppData\Local\Microsoft\WindowsApps;C:\Users\procy\AppData\Local\Programs\Microsoft VS Code\bin;C:\Users\procy\AppData\Roaming\Composer\vendor\bin;C:\Users\procy\AppData\Roaming\npm;C:\Users\procy\AppData\Local\GitHu
USERNAME=procy
OS=Windows_NT
PROCESSOR_IDENTIFIER=Intel64 Family 6 Model 158 Stepping 10, GenuineIntel
TMP=C:\Users\procy\AppData\Local\Temp
TEMP=C:\Users\procy\AppData\Local\Temp



Periodic native trim disabled


---------------  S Y S T E M  ---------------

OS:
 Windows 11 , 64 bit Build 22621 (10.0.22621.3374)
OS uptime: 5 days 19:47 hours

CPU: total 6 (initial active 6) (6 cores per cpu, 1 threads per core) family 6 model 158 stepping 10 microcode 0xde, cx8, cmov, fxsr, mmx, 3dnowpref, sse, sse2, sse3, ssse3, sse4.1, sse4.2, popcnt, lzcnt, tsc, tscinvbit, avx, avx2, aes, erms, clmul, bmi1, bmi2, adx, fma, vzeroupper, clflush, clflushopt
Processor Information for all 6 processors :
  Max Mhz: 2808, Current Mhz: 2808, Mhz Limit: 2808

Memory: 4k page, system-wide physical 8114M (639M free)
TotalPageFile size 16306M (AvailPageFile size 236M)
current process WorkingSet (physical memory assigned to process): 106M, peak: 106M
current process commit charge ("private bytes"): 240M, peak: 242M

vm_info: OpenJDK 64-Bit Server VM (17.0.10+7-adhoc..jdk17u) for windows-amd64 JRE (17.0.10+7-adhoc..jdk17u), built on Jan 24 2024 08:51:31 by "" with MS VC++ 16.10 / 16.11 (VS2019)

END.
